NativeLibraryChecker [-a|-h]
  -a  use -a to check all libraries are available
      by default just check hadoop library (and
      winutils.exe on Windows OS) is available
      exit with error code 1 if check failed
  -h  print this message

NativeLibraryChecker [-a|-h]
  -a  use -a to check all libraries are available
      by default just check hadoop library (and
      winutils.exe on Windows OS) is available
      exit with error code 1 if check failed
  -h  print this message

2015-10-27 07:44:13,350 INFO  util.ExitUtil (ExitUtil.java:terminate(124)) - Exiting with status 1
2015-10-27 07:44:13,358 FATAL util.ExitUtil (ExitUtil.java:terminate(127)) - Terminate called
org.apache.hadoop.util.ExitUtil$ExitException: ExitException
	at org.apache.hadoop.util.ExitUtil.terminate(ExitUtil.java:126)
	at org.apache.hadoop.util.ExitUtil.terminate(ExitUtil.java:192)
	at org.apache.hadoop.util.NativeLibraryChecker.main(NativeLibraryChecker.java:48)
	at org.apache.hadoop.util.TestNativeLibraryChecker.expectExit(TestNativeLibraryChecker.java:32)
	at org.apache.hadoop.util.TestNativeLibraryChecker.testNativeLibraryChecker(TestNativeLibraryChecker.java:46)
	at sun.reflect.NativeMethodAccessorImpl.invoke0(Native Method)
	at sun.reflect.NativeMethodAccessorImpl.invoke(NativeMethodAccessorImpl.java:57)
	at sun.reflect.DelegatingMethodAccessorImpl.invoke(DelegatingMethodAccessorImpl.java:43)
	at java.lang.reflect.Method.invoke(Method.java:606)
	at junit.framework.TestCase.runTest(TestCase.java:176)
	at junit.framework.TestCase.runBare(TestCase.java:141)
	at junit.framework.TestResult$1.protect(TestResult.java:122)
	at junit.framework.TestResult.runProtected(TestResult.java:142)
	at junit.framework.TestResult.run(TestResult.java:125)
	at junit.framework.TestCase.run(TestCase.java:129)
	at junit.framework.TestSuite.runTest(TestSuite.java:255)
	at junit.framework.TestSuite.run(TestSuite.java:250)
	at org.junit.internal.runners.JUnit38ClassRunner.run(JUnit38ClassRunner.java:84)
	at org.apache.maven.surefire.junit4.JUnit4Provider.execute(JUnit4Provider.java:264)
	at org.apache.maven.surefire.junit4.JUnit4Provider.executeTestSet(JUnit4Provider.java:153)
	at org.apache.maven.surefire.junit4.JUnit4Provider.invoke(JUnit4Provider.java:124)
	at org.apache.maven.surefire.booter.ForkedBooter.invokeProviderInSameClassLoader(ForkedBooter.java:200)
	at org.apache.maven.surefire.booter.ForkedBooter.runSuitesInProcess(ForkedBooter.java:153)
	at org.apache.maven.surefire.booter.ForkedBooter.main(ForkedBooter.java:103)
NativeLibraryChecker [-a|-h]
  -a  use -a to check all libraries are available
      by default just check hadoop library (and
      winutils.exe on Windows OS) is available
      exit with error code 1 if check failed
  -h  print this message

2015-10-27 07:44:13,365 INFO  util.ExitUtil (ExitUtil.java:terminate(124)) - Exiting with status 1
2015-10-27 07:44:13,367 FATAL util.ExitUtil (ExitUtil.java:terminate(127)) - Terminate called
org.apache.hadoop.util.ExitUtil$ExitException: ExitException
	at org.apache.hadoop.util.ExitUtil.terminate(ExitUtil.java:126)
	at org.apache.hadoop.util.ExitUtil.terminate(ExitUtil.java:192)
	at org.apache.hadoop.util.NativeLibraryChecker.main(NativeLibraryChecker.java:48)
	at org.apache.hadoop.util.TestNativeLibraryChecker.expectExit(TestNativeLibraryChecker.java:32)
	at org.apache.hadoop.util.TestNativeLibraryChecker.testNativeLibraryChecker(TestNativeLibraryChecker.java:47)
	at sun.reflect.NativeMethodAccessorImpl.invoke0(Native Method)
	at sun.reflect.NativeMethodAccessorImpl.invoke(NativeMethodAccessorImpl.java:57)
	at sun.reflect.DelegatingMethodAccessorImpl.invoke(DelegatingMethodAccessorImpl.java:43)
	at java.lang.reflect.Method.invoke(Method.java:606)
	at junit.framework.TestCase.runTest(TestCase.java:176)
	at junit.framework.TestCase.runBare(TestCase.java:141)
	at junit.framework.TestResult$1.protect(TestResult.java:122)
	at junit.framework.TestResult.runProtected(TestResult.java:142)
	at junit.framework.TestResult.run(TestResult.java:125)
	at junit.framework.TestCase.run(TestCase.java:129)
	at junit.framework.TestSuite.runTest(TestSuite.java:255)
	at junit.framework.TestSuite.run(TestSuite.java:250)
	at org.junit.internal.runners.JUnit38ClassRunner.run(JUnit38ClassRunner.java:84)
	at org.apache.maven.surefire.junit4.JUnit4Provider.execute(JUnit4Provider.java:264)
	at org.apache.maven.surefire.junit4.JUnit4Provider.executeTestSet(JUnit4Provider.java:153)
	at org.apache.maven.surefire.junit4.JUnit4Provider.invoke(JUnit4Provider.java:124)
	at org.apache.maven.surefire.booter.ForkedBooter.invokeProviderInSameClassLoader(ForkedBooter.java:200)
	at org.apache.maven.surefire.booter.ForkedBooter.runSuitesInProcess(ForkedBooter.java:153)
	at org.apache.maven.surefire.booter.ForkedBooter.main(ForkedBooter.java:103)
2015-10-27 07:44:13,381 WARN  util.NativeCodeLoader (NativeCodeLoader.java:<clinit>(62)) - Unable to load native-hadoop library for your platform... using builtin-java classes where applicable
Native library checking:
hadoop:  false 
zlib:    false 
snappy:  false 
lz4:     false 
bzip2:   false 
openssl: false 
2015-10-27 07:44:13,720 INFO  util.ExitUtil (ExitUtil.java:terminate(124)) - Exiting with status 1
2015-10-27 07:44:13,720 FATAL util.ExitUtil (ExitUtil.java:terminate(127)) - Terminate called
org.apache.hadoop.util.ExitUtil$ExitException: ExitException
	at org.apache.hadoop.util.ExitUtil.terminate(ExitUtil.java:126)
	at org.apache.hadoop.util.ExitUtil.terminate(ExitUtil.java:192)
	at org.apache.hadoop.util.NativeLibraryChecker.main(NativeLibraryChecker.java:124)
	at org.apache.hadoop.util.TestNativeLibraryChecker.expectExit(TestNativeLibraryChecker.java:32)
	at org.apache.hadoop.util.TestNativeLibraryChecker.testNativeLibraryChecker(TestNativeLibraryChecker.java:53)
	at sun.reflect.NativeMethodAccessorImpl.invoke0(Native Method)
	at sun.reflect.NativeMethodAccessorImpl.invoke(NativeMethodAccessorImpl.java:57)
	at sun.reflect.DelegatingMethodAccessorImpl.invoke(DelegatingMethodAccessorImpl.java:43)
	at java.lang.reflect.Method.invoke(Method.java:606)
	at junit.framework.TestCase.runTest(TestCase.java:176)
	at junit.framework.TestCase.runBare(TestCase.java:141)
	at junit.framework.TestResult$1.protect(TestResult.java:122)
	at junit.framework.TestResult.runProtected(TestResult.java:142)
	at junit.framework.TestResult.run(TestResult.java:125)
	at junit.framework.TestCase.run(TestCase.java:129)
	at junit.framework.TestSuite.runTest(TestSuite.java:255)
	at junit.framework.TestSuite.run(TestSuite.java:250)
	at org.junit.internal.runners.JUnit38ClassRunner.run(JUnit38ClassRunner.java:84)
	at org.apache.maven.surefire.junit4.JUnit4Provider.execute(JUnit4Provider.java:264)
	at org.apache.maven.surefire.junit4.JUnit4Provider.executeTestSet(JUnit4Provider.java:153)
	at org.apache.maven.surefire.junit4.JUnit4Provider.invoke(JUnit4Provider.java:124)
	at org.apache.maven.surefire.booter.ForkedBooter.invokeProviderInSameClassLoader(ForkedBooter.java:200)
	at org.apache.maven.surefire.booter.ForkedBooter.runSuitesInProcess(ForkedBooter.java:153)
	at org.apache.maven.surefire.booter.ForkedBooter.main(ForkedBooter.java:103)
2015-10-27 07:44:13,851 INFO  util.ExitUtil (ExitUtil.java:terminate(124)) - Exiting with status 1
2015-10-27 07:44:13,853 FATAL util.ExitUtil (ExitUtil.java:terminate(127)) - Terminate called
org.apache.hadoop.util.ExitUtil$ExitException: ExitException
	at org.apache.hadoop.util.ExitUtil.terminate(ExitUtil.java:126)
	at org.apache.hadoop.util.ExitUtil.terminate(ExitUtil.java:192)
	at org.apache.hadoop.util.NativeLibraryChecker.main(NativeLibraryChecker.java:124)
	at org.apache.hadoop.util.TestNativeLibraryChecker.expectOutput(TestNativeLibraryChecker.java:70)
	at org.apache.hadoop.util.TestNativeLibraryChecker.testNativeLibraryCheckerOutput(TestNativeLibraryChecker.java:59)
	at sun.reflect.NativeMethodAccessorImpl.invoke0(Native Method)
	at sun.reflect.NativeMethodAccessorImpl.invoke(NativeMethodAccessorImpl.java:57)
	at sun.reflect.DelegatingMethodAccessorImpl.invoke(DelegatingMethodAccessorImpl.java:43)
	at java.lang.reflect.Method.invoke(Method.java:606)
	at junit.framework.TestCase.runTest(TestCase.java:176)
	at junit.framework.TestCase.runBare(TestCase.java:141)
	at junit.framework.TestResult$1.protect(TestResult.java:122)
	at junit.framework.TestResult.runProtected(TestResult.java:142)
	at junit.framework.TestResult.run(TestResult.java:125)
	at junit.framework.TestCase.run(TestCase.java:129)
	at junit.framework.TestSuite.runTest(TestSuite.java:255)
	at junit.framework.TestSuite.run(TestSuite.java:250)
	at org.junit.internal.runners.JUnit38ClassRunner.run(JUnit38ClassRunner.java:84)
	at org.apache.maven.surefire.junit4.JUnit4Provider.execute(JUnit4Provider.java:264)
	at org.apache.maven.surefire.junit4.JUnit4Provider.executeTestSet(JUnit4Provider.java:153)
	at org.apache.maven.surefire.junit4.JUnit4Provider.invoke(JUnit4Provider.java:124)
	at org.apache.maven.surefire.booter.ForkedBooter.invokeProviderInSameClassLoader(ForkedBooter.java:200)
	at org.apache.maven.surefire.booter.ForkedBooter.runSuitesInProcess(ForkedBooter.java:153)
	at org.apache.maven.surefire.booter.ForkedBooter.main(ForkedBooter.java:103)
2015-10-27 07:44:13,913 INFO  util.ExitUtil (ExitUtil.java:terminate(124)) - Exiting with status 1
2015-10-27 07:44:13,914 FATAL util.ExitUtil (ExitUtil.java:terminate(127)) - Terminate called
org.apache.hadoop.util.ExitUtil$ExitException: ExitException
	at org.apache.hadoop.util.ExitUtil.terminate(ExitUtil.java:126)
	at org.apache.hadoop.util.ExitUtil.terminate(ExitUtil.java:192)
	at org.apache.hadoop.util.NativeLibraryChecker.main(NativeLibraryChecker.java:124)
	at org.apache.hadoop.util.TestNativeLibraryChecker.expectOutput(TestNativeLibraryChecker.java:70)
	at org.apache.hadoop.util.TestNativeLibraryChecker.testNativeLibraryCheckerOutput(TestNativeLibraryChecker.java:61)
	at sun.reflect.NativeMethodAccessorImpl.invoke0(Native Method)
	at sun.reflect.NativeMethodAccessorImpl.invoke(NativeMethodAccessorImpl.java:57)
	at sun.reflect.DelegatingMethodAccessorImpl.invoke(DelegatingMethodAccessorImpl.java:43)
	at java.lang.reflect.Method.invoke(Method.java:606)
	at junit.framework.TestCase.runTest(TestCase.java:176)
	at junit.framework.TestCase.runBare(TestCase.java:141)
	at junit.framework.TestResult$1.protect(TestResult.java:122)
	at junit.framework.TestResult.runProtected(TestResult.java:142)
	at junit.framework.TestResult.run(TestResult.java:125)
	at junit.framework.TestCase.run(TestCase.java:129)
	at junit.framework.TestSuite.runTest(TestSuite.java:255)
	at junit.framework.TestSuite.run(TestSuite.java:250)
	at org.junit.internal.runners.JUnit38ClassRunner.run(JUnit38ClassRunner.java:84)
	at org.apache.maven.surefire.junit4.JUnit4Provider.execute(JUnit4Provider.java:264)
	at org.apache.maven.surefire.junit4.JUnit4Provider.executeTestSet(JUnit4Provider.java:153)
	at org.apache.maven.surefire.junit4.JUnit4Provider.invoke(JUnit4Provider.java:124)
	at org.apache.maven.surefire.booter.ForkedBooter.invokeProviderInSameClassLoader(ForkedBooter.java:200)
	at org.apache.maven.surefire.booter.ForkedBooter.runSuitesInProcess(ForkedBooter.java:153)
	at org.apache.maven.surefire.booter.ForkedBooter.main(ForkedBooter.java:103)
