2015-10-27 07:21:31,651 WARN  util.NativeCodeLoader (NativeCodeLoader.java:<clinit>(62)) - Unable to load native-hadoop library for your platform... using builtin-java classes where applicable
2015-10-27 07:21:31,827 INFO  fs.FSInputChecker (FSInputChecker.java:readChecksumChunk(285)) - Found checksum error: b[0, 22]=74657374696e67207374616c6520636865636b73756d
org.apache.hadoop.fs.ChecksumException: Checksum error: /Users/bikash/repos/bigdata/PDHC/lib/hadoop-2.6.0-src/hadoop-common-project/hadoop-common/target/test/data/testCorruptChecksum at 0 exp: 276751089 got: 1779782070
	at org.apache.hadoop.fs.FSInputChecker.verifySums(FSInputChecker.java:323)
	at org.apache.hadoop.fs.FSInputChecker.readChecksumChunk(FSInputChecker.java:279)
	at org.apache.hadoop.fs.FSInputChecker.read1(FSInputChecker.java:228)
	at org.apache.hadoop.fs.FSInputChecker.read(FSInputChecker.java:196)
	at java.io.DataInputStream.read(DataInputStream.java:149)
	at org.apache.hadoop.fs.FileSystemTestHelper.readFile(FileSystemTestHelper.java:198)
	at org.apache.hadoop.fs.TestChecksumFileSystem.testCorruptedChecksum(TestChecksumFileSystem.java:195)
	at sun.reflect.NativeMethodAccessorImpl.invoke0(Native Method)
	at sun.reflect.NativeMethodAccessorImpl.invoke(NativeMethodAccessorImpl.java:57)
	at sun.reflect.DelegatingMethodAccessorImpl.invoke(DelegatingMethodAccessorImpl.java:43)
	at java.lang.reflect.Method.invoke(Method.java:606)
	at org.junit.runners.model.FrameworkMethod$1.runReflectiveCall(FrameworkMethod.java:47)
	at org.junit.internal.runners.model.ReflectiveCallable.run(ReflectiveCallable.java:12)
	at org.junit.runners.model.FrameworkMethod.invokeExplosively(FrameworkMethod.java:44)
	at org.junit.internal.runners.statements.InvokeMethod.evaluate(InvokeMethod.java:17)
	at org.junit.internal.runners.statements.RunBefores.evaluate(RunBefores.java:26)
	at org.junit.runners.ParentRunner.runLeaf(ParentRunner.java:271)
	at org.junit.runners.BlockJUnit4ClassRunner.runChild(BlockJUnit4ClassRunner.java:70)
	at org.junit.runners.BlockJUnit4ClassRunner.runChild(BlockJUnit4ClassRunner.java:50)
	at org.junit.runners.ParentRunner$3.run(ParentRunner.java:238)
	at org.junit.runners.ParentRunner$1.schedule(ParentRunner.java:63)
	at org.junit.runners.ParentRunner.runChildren(ParentRunner.java:236)
	at org.junit.runners.ParentRunner.access$000(ParentRunner.java:53)
	at org.junit.runners.ParentRunner$2.evaluate(ParentRunner.java:229)
	at org.junit.runners.ParentRunner.run(ParentRunner.java:309)
	at org.apache.maven.surefire.junit4.JUnit4Provider.execute(JUnit4Provider.java:264)
	at org.apache.maven.surefire.junit4.JUnit4Provider.executeTestSet(JUnit4Provider.java:153)
	at org.apache.maven.surefire.junit4.JUnit4Provider.invoke(JUnit4Provider.java:124)
	at org.apache.maven.surefire.booter.ForkedBooter.invokeProviderInSameClassLoader(ForkedBooter.java:200)
	at org.apache.maven.surefire.booter.ForkedBooter.runSuitesInProcess(ForkedBooter.java:153)
	at org.apache.maven.surefire.booter.ForkedBooter.main(ForkedBooter.java:103)
2015-10-27 07:21:31,928 INFO  fs.FSInputChecker (FSInputChecker.java:readChecksumChunk(285)) - Found checksum error: b[0, 0]=
org.apache.hadoop.fs.ChecksumException: Checksum file not a length multiple of checksum size in /Users/bikash/repos/bigdata/PDHC/lib/hadoop-2.6.0-src/hadoop-common-project/hadoop-common/target/test/data/testtruncatedcrc at 0 checksumpos: 8 sumLenread: 3
	at org.apache.hadoop.fs.ChecksumFileSystem$ChecksumFSInputChecker.readChunk(ChecksumFileSystem.java:236)
	at org.apache.hadoop.fs.FSInputChecker.readChecksumChunk(FSInputChecker.java:276)
	at org.apache.hadoop.fs.FSInputChecker.read1(FSInputChecker.java:228)
	at org.apache.hadoop.fs.FSInputChecker.read(FSInputChecker.java:196)
	at java.io.DataInputStream.read(DataInputStream.java:149)
	at org.apache.hadoop.fs.FileSystemTestHelper.readFile(FileSystemTestHelper.java:198)
	at org.apache.hadoop.fs.TestChecksumFileSystem.testTruncatedChecksum(TestChecksumFileSystem.java:143)
	at sun.reflect.NativeMethodAccessorImpl.invoke0(Native Method)
	at sun.reflect.NativeMethodAccessorImpl.invoke(NativeMethodAccessorImpl.java:57)
	at sun.reflect.DelegatingMethodAccessorImpl.invoke(DelegatingMethodAccessorImpl.java:43)
	at java.lang.reflect.Method.invoke(Method.java:606)
	at org.junit.runners.model.FrameworkMethod$1.runReflectiveCall(FrameworkMethod.java:47)
	at org.junit.internal.runners.model.ReflectiveCallable.run(ReflectiveCallable.java:12)
	at org.junit.runners.model.FrameworkMethod.invokeExplosively(FrameworkMethod.java:44)
	at org.junit.internal.runners.statements.InvokeMethod.evaluate(InvokeMethod.java:17)
	at org.junit.internal.runners.statements.RunBefores.evaluate(RunBefores.java:26)
	at org.junit.runners.ParentRunner.runLeaf(ParentRunner.java:271)
	at org.junit.runners.BlockJUnit4ClassRunner.runChild(BlockJUnit4ClassRunner.java:70)
	at org.junit.runners.BlockJUnit4ClassRunner.runChild(BlockJUnit4ClassRunner.java:50)
	at org.junit.runners.ParentRunner$3.run(ParentRunner.java:238)
	at org.junit.runners.ParentRunner$1.schedule(ParentRunner.java:63)
	at org.junit.runners.ParentRunner.runChildren(ParentRunner.java:236)
	at org.junit.runners.ParentRunner.access$000(ParentRunner.java:53)
	at org.junit.runners.ParentRunner$2.evaluate(ParentRunner.java:229)
	at org.junit.runners.ParentRunner.run(ParentRunner.java:309)
	at org.apache.maven.surefire.junit4.JUnit4Provider.execute(JUnit4Provider.java:264)
	at org.apache.maven.surefire.junit4.JUnit4Provider.executeTestSet(JUnit4Provider.java:153)
	at org.apache.maven.surefire.junit4.JUnit4Provider.invoke(JUnit4Provider.java:124)
	at org.apache.maven.surefire.booter.ForkedBooter.invokeProviderInSameClassLoader(ForkedBooter.java:200)
	at org.apache.maven.surefire.booter.ForkedBooter.runSuitesInProcess(ForkedBooter.java:153)
	at org.apache.maven.surefire.booter.ForkedBooter.main(ForkedBooter.java:103)
2015-10-27 07:21:31,995 INFO  fs.FSInputChecker (FSInputChecker.java:readChecksumChunk(285)) - Found checksum error: b[0, 7]=74657374696e67
org.apache.hadoop.fs.ChecksumException: Checksum error: /Users/bikash/repos/bigdata/PDHC/lib/hadoop-2.6.0-src/hadoop-common-project/hadoop-common/target/test/data/testPath at 0 exp: -849543768 got: -386704890
	at org.apache.hadoop.fs.FSInputChecker.verifySums(FSInputChecker.java:323)
	at org.apache.hadoop.fs.FSInputChecker.readChecksumChunk(FSInputChecker.java:279)
	at org.apache.hadoop.fs.FSInputChecker.read1(FSInputChecker.java:228)
	at org.apache.hadoop.fs.FSInputChecker.read(FSInputChecker.java:196)
	at java.io.DataInputStream.read(DataInputStream.java:149)
	at org.apache.hadoop.fs.FileSystemTestHelper.readFile(FileSystemTestHelper.java:198)
	at org.apache.hadoop.fs.TestChecksumFileSystem.testVerifyChecksum(TestChecksumFileSystem.java:85)
	at sun.reflect.NativeMethodAccessorImpl.invoke0(Native Method)
	at sun.reflect.NativeMethodAccessorImpl.invoke(NativeMethodAccessorImpl.java:57)
	at sun.reflect.DelegatingMethodAccessorImpl.invoke(DelegatingMethodAccessorImpl.java:43)
	at java.lang.reflect.Method.invoke(Method.java:606)
	at org.junit.runners.model.FrameworkMethod$1.runReflectiveCall(FrameworkMethod.java:47)
	at org.junit.internal.runners.model.ReflectiveCallable.run(ReflectiveCallable.java:12)
	at org.junit.runners.model.FrameworkMethod.invokeExplosively(FrameworkMethod.java:44)
	at org.junit.internal.runners.statements.InvokeMethod.evaluate(InvokeMethod.java:17)
	at org.junit.internal.runners.statements.RunBefores.evaluate(RunBefores.java:26)
	at org.junit.runners.ParentRunner.runLeaf(ParentRunner.java:271)
	at org.junit.runners.BlockJUnit4ClassRunner.runChild(BlockJUnit4ClassRunner.java:70)
	at org.junit.runners.BlockJUnit4ClassRunner.runChild(BlockJUnit4ClassRunner.java:50)
	at org.junit.runners.ParentRunner$3.run(ParentRunner.java:238)
	at org.junit.runners.ParentRunner$1.schedule(ParentRunner.java:63)
	at org.junit.runners.ParentRunner.runChildren(ParentRunner.java:236)
	at org.junit.runners.ParentRunner.access$000(ParentRunner.java:53)
	at org.junit.runners.ParentRunner$2.evaluate(ParentRunner.java:229)
	at org.junit.runners.ParentRunner.run(ParentRunner.java:309)
	at org.apache.maven.surefire.junit4.JUnit4Provider.execute(JUnit4Provider.java:264)
	at org.apache.maven.surefire.junit4.JUnit4Provider.executeTestSet(JUnit4Provider.java:153)
	at org.apache.maven.surefire.junit4.JUnit4Provider.invoke(JUnit4Provider.java:124)
	at org.apache.maven.surefire.booter.ForkedBooter.invokeProviderInSameClassLoader(ForkedBooter.java:200)
	at org.apache.maven.surefire.booter.ForkedBooter.runSuitesInProcess(ForkedBooter.java:153)
	at org.apache.maven.surefire.booter.ForkedBooter.main(ForkedBooter.java:103)
