<?xml version="1.0" encoding="UTF-8"?>
<testsuite name="org.apache.hadoop.fs.viewfs.TestViewFsWithAuthorityLocalFs" time="8.583" tests="54" errors="0" skipped="0" failures="0">
  <properties>
[...]
</properties>
  <testcase name="testBasicPaths" classname="org.apache.hadoop.fs.viewfs.TestViewFsWithAuthorityLocalFs" time="1.591"/>
  <testcase name="testInternalDeleteNonExisting2" classname="org.apache.hadoop.fs.viewfs.TestViewFsWithAuthorityLocalFs" time="0.24"/>
  <testcase name="testResolvePathDanglingLink" classname="org.apache.hadoop.fs.viewfs.TestViewFsWithAuthorityLocalFs" time="0.182"/>
  <testcase name="testgetLinkTargetOnNonLink" classname="org.apache.hadoop.fs.viewfs.TestViewFsWithAuthorityLocalFs" time="0.16"/>
  <testcase name="testGetDelegationTokens" classname="org.apache.hadoop.fs.viewfs.TestViewFsWithAuthorityLocalFs" time="0.204"/>
  <testcase name="testInternalRenameFromSlash" classname="org.apache.hadoop.fs.viewfs.TestViewFsWithAuthorityLocalFs" time="0.112"/>
  <testcase name="testInternalModifyAclEntries" classname="org.apache.hadoop.fs.viewfs.TestViewFsWithAuthorityLocalFs" time="0.154"/>
  <testcase name="testGetBlockLocations" classname="org.apache.hadoop.fs.viewfs.TestViewFsWithAuthorityLocalFs" time="0.293"/>
  <testcase name="testResolvePathMountPoints" classname="org.apache.hadoop.fs.viewfs.TestViewFsWithAuthorityLocalFs" time="0.197"/>
  <testcase name="testInternalMkdirNew2" classname="org.apache.hadoop.fs.viewfs.TestViewFsWithAuthorityLocalFs" time="0.153"/>
  <testcase name="testInternalDeleteExisting2" classname="org.apache.hadoop.fs.viewfs.TestViewFsWithAuthorityLocalFs" time="0.227"/>
  <testcase name="testgetFSonDanglingLink" classname="org.apache.hadoop.fs.viewfs.TestViewFsWithAuthorityLocalFs" time="0.119"/>
  <testcase name="testGetMountPoints" classname="org.apache.hadoop.fs.viewfs.TestViewFsWithAuthorityLocalFs" time="0.157"/>
  <testcase name="testInternalSetAcl" classname="org.apache.hadoop.fs.viewfs.TestViewFsWithAuthorityLocalFs" time="0.096"/>
  <testcase name="testSymlinkTarget" classname="org.apache.hadoop.fs.viewfs.TestViewFsWithAuthorityLocalFs" time="0.115"/>
  <testcase name="testInternalMkdirSlash" classname="org.apache.hadoop.fs.viewfs.TestViewFsWithAuthorityLocalFs" time="0.103"/>
  <testcase name="testInternalRenameToSlash" classname="org.apache.hadoop.fs.viewfs.TestViewFsWithAuthorityLocalFs" time="0.106"/>
  <testcase name="testInternalCreate1" classname="org.apache.hadoop.fs.viewfs.TestViewFsWithAuthorityLocalFs" time="0.083"/>
  <testcase name="testInternalCreate2" classname="org.apache.hadoop.fs.viewfs.TestViewFsWithAuthorityLocalFs" time="0.087"/>
  <testcase name="testInternalMkdirExisting1" classname="org.apache.hadoop.fs.viewfs.TestViewFsWithAuthorityLocalFs" time="0.195"/>
  <testcase name="testInternalMkdirExisting2" classname="org.apache.hadoop.fs.viewfs.TestViewFsWithAuthorityLocalFs" time="0.083"/>
  <testcase name="testInternalMkdirNew" classname="org.apache.hadoop.fs.viewfs.TestViewFsWithAuthorityLocalFs" time="0.091"/>
  <testcase name="testInternalRename1" classname="org.apache.hadoop.fs.viewfs.TestViewFsWithAuthorityLocalFs" time="0.084"/>
  <testcase name="testInternalRename2" classname="org.apache.hadoop.fs.viewfs.TestViewFsWithAuthorityLocalFs" time="0.093"/>
  <testcase name="testInternalRename3" classname="org.apache.hadoop.fs.viewfs.TestViewFsWithAuthorityLocalFs" time="0.117"/>
  <testcase name="testInternalRemoveAclEntries" classname="org.apache.hadoop.fs.viewfs.TestViewFsWithAuthorityLocalFs" time="0.095"/>
  <testcase name="testRenameAcrossMounts1" classname="org.apache.hadoop.fs.viewfs.TestViewFsWithAuthorityLocalFs" time="0.121"/>
  <testcase name="testRenameAcrossMounts2" classname="org.apache.hadoop.fs.viewfs.TestViewFsWithAuthorityLocalFs" time="0.098"/>
  <testcase name="testgetFileLinkStatus" classname="org.apache.hadoop.fs.viewfs.TestViewFsWithAuthorityLocalFs" time="0.079"/>
  <testcase name="testInternalRemoveXAttr" classname="org.apache.hadoop.fs.viewfs.TestViewFsWithAuthorityLocalFs" time="0.092"/>
  <testcase name="testInternalGetXAttrs" classname="org.apache.hadoop.fs.viewfs.TestViewFsWithAuthorityLocalFs" time="0.105"/>
  <testcase name="testgetFileLinkStatusonNonExistingInternalDir" classname="org.apache.hadoop.fs.viewfs.TestViewFsWithAuthorityLocalFs" time="0.081"/>
  <testcase name="testOperationsThroughMountLinks" classname="org.apache.hadoop.fs.viewfs.TestViewFsWithAuthorityLocalFs" time="0.264"/>
  <testcase name="testInternalDeleteNonExisting" classname="org.apache.hadoop.fs.viewfs.TestViewFsWithAuthorityLocalFs" time="0.083"/>
  <testcase name="testInternalDeleteExisting" classname="org.apache.hadoop.fs.viewfs.TestViewFsWithAuthorityLocalFs" time="0.077"/>
  <testcase name="testInternalRemoveAcl" classname="org.apache.hadoop.fs.viewfs.TestViewFsWithAuthorityLocalFs" time="0.074"/>
  <testcase name="testFileStatusOnMountLink" classname="org.apache.hadoop.fs.viewfs.TestViewFsWithAuthorityLocalFs" time="0.085"/>
  <testcase name="testResolvePathInternalPaths" classname="org.apache.hadoop.fs.viewfs.TestViewFsWithAuthorityLocalFs" time="0.074"/>
  <testcase name="testInternalSetOwner" classname="org.apache.hadoop.fs.viewfs.TestViewFsWithAuthorityLocalFs" time="0.079"/>
  <testcase name="testInternalSetXAttr" classname="org.apache.hadoop.fs.viewfs.TestViewFsWithAuthorityLocalFs" time="0.079"/>
  <testcase name="testInternalGetXAttr" classname="org.apache.hadoop.fs.viewfs.TestViewFsWithAuthorityLocalFs" time="0.084"/>
  <testcase name="testResolvePathMissingThroughMountPoints2" classname="org.apache.hadoop.fs.viewfs.TestViewFsWithAuthorityLocalFs" time="0.089"/>
  <testcase name="testListOnInternalDirsOfMountTable" classname="org.apache.hadoop.fs.viewfs.TestViewFsWithAuthorityLocalFs" time="0.077"/>
  <testcase name="testInternalRemoveDefaultAcl" classname="org.apache.hadoop.fs.viewfs.TestViewFsWithAuthorityLocalFs" time="0.075"/>
  <testcase name="testInternalCreateMissingDir" classname="org.apache.hadoop.fs.viewfs.TestViewFsWithAuthorityLocalFs" time="0.073"/>
  <testcase name="testgetFSonNonExistingInternalDir" classname="org.apache.hadoop.fs.viewfs.TestViewFsWithAuthorityLocalFs" time="0.078"/>
  <testcase name="testInternalCreateMissingDir2" classname="org.apache.hadoop.fs.viewfs.TestViewFsWithAuthorityLocalFs" time="0.074"/>
  <testcase name="testInternalCreateMissingDir3" classname="org.apache.hadoop.fs.viewfs.TestViewFsWithAuthorityLocalFs" time="0.074"/>
  <testcase name="testResolvePathThroughMountPoints" classname="org.apache.hadoop.fs.viewfs.TestViewFsWithAuthorityLocalFs" time="0.29"/>
  <testcase name="testGetFileChecksum" classname="org.apache.hadoop.fs.viewfs.TestViewFsWithAuthorityLocalFs" time="0.725"/>
  <testcase name="testResolvePathMissingThroughMountPoints" classname="org.apache.hadoop.fs.viewfs.TestViewFsWithAuthorityLocalFs" time="0.171"/>
  <testcase name="testInternalGetXAttrsWithNames" classname="org.apache.hadoop.fs.viewfs.TestViewFsWithAuthorityLocalFs" time="0.077"/>
  <testcase name="testInternalGetAclStatus" classname="org.apache.hadoop.fs.viewfs.TestViewFsWithAuthorityLocalFs" time="0.077"/>
  <testcase name="testInternalListXAttr" classname="org.apache.hadoop.fs.viewfs.TestViewFsWithAuthorityLocalFs" time="0.091"/>
</testsuite>