<?xml version="1.0" encoding="UTF-8"?>
<testsuite name="org.apache.hadoop.fs.TestSymlinkLocalFSFileContext" time="8.681" tests="61" errors="0" skipped="3" failures="0">
  <properties>
[...]
</properties>
  <testcase name="testDanglingLink" classname="org.apache.hadoop.fs.TestSymlinkLocalFSFileContext" time="0.206"/>
  <testcase name="testDanglingLinkFilePartQual" classname="org.apache.hadoop.fs.TestSymlinkLocalFSFileContext" time="0.067"/>
  <testcase name="testGetLinkStatusPartQualTarget" classname="org.apache.hadoop.fs.TestSymlinkLocalFSFileContext" time="0.19"/>
  <testcase name="testUseLinkAferDeleteLink" classname="org.apache.hadoop.fs.TestSymlinkLocalFSFileContext" time="0.144"/>
  <testcase name="testRenameDirToSymlinkToFile" classname="org.apache.hadoop.fs.TestSymlinkLocalFSFileContext" time="0.137"/>
  <testcase name="testCreateLinkUsingPartQualPath1" classname="org.apache.hadoop.fs.TestSymlinkLocalFSFileContext" time="0">
    <skipped/>
  </testcase>
  <testcase name="testCreateLinkUsingPartQualPath2" classname="org.apache.hadoop.fs.TestSymlinkLocalFSFileContext" time="0.037"/>
  <testcase name="testRenameFileToSymlinkToFile" classname="org.apache.hadoop.fs.TestSymlinkLocalFSFileContext" time="0.252"/>
  <testcase name="testAccessDirViaSymlink" classname="org.apache.hadoop.fs.TestSymlinkLocalFSFileContext" time="0.084"/>
  <testcase name="testCreateLinkToNullEmpty" classname="org.apache.hadoop.fs.TestSymlinkLocalFSFileContext" time="0.032"/>
  <testcase name="testRenameLinkTarget" classname="org.apache.hadoop.fs.TestSymlinkLocalFSFileContext" time="0.263"/>
  <testcase name="testLinkStatusAndTargetWithNonLink" classname="org.apache.hadoop.fs.TestSymlinkLocalFSFileContext" time="0.153"/>
  <testcase name="testCreateLinkUsingRelPaths" classname="org.apache.hadoop.fs.TestSymlinkLocalFSFileContext" time="0.429"/>
  <testcase name="testCreateLinkUsingFullyQualPaths" classname="org.apache.hadoop.fs.TestSymlinkLocalFSFileContext" time="0.492"/>
  <testcase name="testAccessFileViaInterSymlinkRelTarget" classname="org.apache.hadoop.fs.TestSymlinkLocalFSFileContext" time="0">
    <skipped/>
  </testcase>
  <testcase name="testRenameFileToDestViaSymlink" classname="org.apache.hadoop.fs.TestSymlinkLocalFSFileContext" time="0.145"/>
  <testcase name="testRenameSymlinkToExistingFile" classname="org.apache.hadoop.fs.TestSymlinkLocalFSFileContext" time="0.26"/>
  <testcase name="testCreateLinkToDotDot" classname="org.apache.hadoop.fs.TestSymlinkLocalFSFileContext" time="0.109"/>
  <testcase name="testStatDanglingLink" classname="org.apache.hadoop.fs.TestSymlinkLocalFSFileContext" time="0.078"/>
  <testcase name="testCreateDirViaSymlink" classname="org.apache.hadoop.fs.TestSymlinkLocalFSFileContext" time="0.082"/>
  <testcase name="testCreateFileViaDanglingLinkParent" classname="org.apache.hadoop.fs.TestSymlinkLocalFSFileContext" time="0.053"/>
  <testcase name="testSetWDNotResolvesLinks" classname="org.apache.hadoop.fs.TestSymlinkLocalFSFileContext" time="0.058"/>
  <testcase name="testListStatusUsingLink" classname="org.apache.hadoop.fs.TestSymlinkLocalFSFileContext" time="0.175"/>
  <testcase name="testOpenResolvesLinks" classname="org.apache.hadoop.fs.TestSymlinkLocalFSFileContext" time="0.064"/>
  <testcase name="testRenameFileToDanglingSymlink" classname="org.apache.hadoop.fs.TestSymlinkLocalFSFileContext" time="0.038"/>
  <testcase name="testRenameSymlinkNonExistantDest" classname="org.apache.hadoop.fs.TestSymlinkLocalFSFileContext" time="0.212"/>
  <testcase name="testCreateLinkCanCreateParent" classname="org.apache.hadoop.fs.TestSymlinkLocalFSFileContext" time="0.137"/>
  <testcase name="testStatNonExistentFiles" classname="org.apache.hadoop.fs.TestSymlinkLocalFSFileContext" time="0.049"/>
  <testcase name="testAccessFileViaInterSymlinkQualTarget" classname="org.apache.hadoop.fs.TestSymlinkLocalFSFileContext" time="0.133"/>
  <testcase name="testCreateLinkToDotDotPrefix" classname="org.apache.hadoop.fs.TestSymlinkLocalFSFileContext" time="0.135"/>
  <testcase name="testRenameSymlinkToExistingDir" classname="org.apache.hadoop.fs.TestSymlinkLocalFSFileContext" time="0.161"/>
  <testcase name="testAccessFileViaInterSymlinkAbsTarget" classname="org.apache.hadoop.fs.TestSymlinkLocalFSFileContext" time="0.405"/>
  <testcase name="testStatRelLinkToFile" classname="org.apache.hadoop.fs.TestSymlinkLocalFSFileContext" time="0">
    <skipped/>
  </testcase>
  <testcase name="testCreateLinkToDot" classname="org.apache.hadoop.fs.TestSymlinkLocalFSFileContext" time="0.102"/>
  <testcase name="testCreateLinkTwice" classname="org.apache.hadoop.fs.TestSymlinkLocalFSFileContext" time="0.099"/>
  <testcase name="testMkdirExistingLink" classname="org.apache.hadoop.fs.TestSymlinkLocalFSFileContext" time="0.104"/>
  <testcase name="testDeleteLink" classname="org.apache.hadoop.fs.TestSymlinkLocalFSFileContext" time="0.145"/>
  <testcase name="testStatNonLinks" classname="org.apache.hadoop.fs.TestSymlinkLocalFSFileContext" time="0.112"/>
  <testcase name="testRenameFileViaSymlink" classname="org.apache.hadoop.fs.TestSymlinkLocalFSFileContext" time="0.176"/>
  <testcase name="testCreateLinkToDirectory" classname="org.apache.hadoop.fs.TestSymlinkLocalFSFileContext" time="0.129"/>
  <testcase name="testCreateFileDirExistingLink" classname="org.apache.hadoop.fs.TestSymlinkLocalFSFileContext" time="0.102"/>
  <testcase name="testStatLinkToDir" classname="org.apache.hadoop.fs.TestSymlinkLocalFSFileContext" time="0.131"/>
  <testcase name="testRenameDirViaSymlink" classname="org.apache.hadoop.fs.TestSymlinkLocalFSFileContext" time="0.136"/>
  <testcase name="testRenameFileToSymlinkToDir" classname="org.apache.hadoop.fs.TestSymlinkLocalFSFileContext" time="0.222"/>
  <testcase name="testCreateLinkViaLink" classname="org.apache.hadoop.fs.TestSymlinkLocalFSFileContext" time="0.179"/>
  <testcase name="testRenameSymlinkToDirItLinksTo" classname="org.apache.hadoop.fs.TestSymlinkLocalFSFileContext" time="0.039"/>
  <testcase name="testStatLinkToFile" classname="org.apache.hadoop.fs.TestSymlinkLocalFSFileContext" time="0.173"/>
  <testcase name="testRenameFileWithDestParentSymlink" classname="org.apache.hadoop.fs.TestSymlinkLocalFSFileContext" time="0.343"/>
  <testcase name="testCreateLinkUsingAbsPaths" classname="org.apache.hadoop.fs.TestSymlinkLocalFSFileContext" time="0.343"/>
  <testcase name="testRenameSymlinkViaSymlink" classname="org.apache.hadoop.fs.TestSymlinkLocalFSFileContext" time="0.175"/>
  <testcase name="testRenameSymlink" classname="org.apache.hadoop.fs.TestSymlinkLocalFSFileContext" time="0.19"/>
  <testcase name="testRenameDirToDanglingSymlink" classname="org.apache.hadoop.fs.TestSymlinkLocalFSFileContext" time="0.082"/>
  <testcase name="testCreateLinkToLink" classname="org.apache.hadoop.fs.TestSymlinkLocalFSFileContext" time="0.143"/>
  <testcase name="testCreateFileViaSymlink" classname="org.apache.hadoop.fs.TestSymlinkLocalFSFileContext" time="0.155"/>
  <testcase name="testCreateDanglingLink" classname="org.apache.hadoop.fs.TestSymlinkLocalFSFileContext" time="0.061"/>
  <testcase name="testRenameDirToSymlinkToDir" classname="org.apache.hadoop.fs.TestSymlinkLocalFSFileContext" time="0.106"/>
  <testcase name="testRenameSymlinkToItself" classname="org.apache.hadoop.fs.TestSymlinkLocalFSFileContext" time="0.177"/>
  <testcase name="testStatRoot" classname="org.apache.hadoop.fs.TestSymlinkLocalFSFileContext" time="0.051"/>
  <testcase name="testRenameSymlinkToFileItLinksTo" classname="org.apache.hadoop.fs.TestSymlinkLocalFSFileContext" time="0.041"/>
  <testcase name="testRecursiveLinks" classname="org.apache.hadoop.fs.TestSymlinkLocalFSFileContext" time="0.062"/>
  <testcase name="testSetTimes" classname="org.apache.hadoop.fs.TestSymlinkLocalFSFileContext" time="0.123"/>
</testsuite>