<?xml version="1.0" encoding="UTF-8"?>
<testsuite name="org.apache.hadoop.fs.TestLocalFSFileContextMainOperations" time="7.642" tests="62" errors="0" skipped="0" failures="0">
  <properties>
[...]
</properties>
  <testcase name="testFileContextNoCache" classname="org.apache.hadoop.fs.TestLocalFSFileContextMainOperations" time="1.572"/>
  <testcase name="testDefaultFilePermission" classname="org.apache.hadoop.fs.TestLocalFSFileContextMainOperations" time="0.261"/>
  <testcase name="testCreateFlagAppendNonExistingFile" classname="org.apache.hadoop.fs.TestLocalFSFileContextMainOperations" time="0.093"/>
  <testcase name="testWorkingDirectory" classname="org.apache.hadoop.fs.TestLocalFSFileContextMainOperations" time="0.169"/>
  <testcase name="testEmptyCreateFlag" classname="org.apache.hadoop.fs.TestLocalFSFileContextMainOperations" time="0.05"/>
  <testcase name="testCreateFlagCreateAppendExistingFile" classname="org.apache.hadoop.fs.TestLocalFSFileContextMainOperations" time="0.114"/>
  <testcase name="testGlobStatusFilterWithNoMatchingPathsAndNonTrivialFilter" classname="org.apache.hadoop.fs.TestLocalFSFileContextMainOperations" time="0.113"/>
  <testcase name="testNullCreateFlag" classname="org.apache.hadoop.fs.TestLocalFSFileContextMainOperations" time="0.045"/>
  <testcase name="testRenameFileToNonExistentDirectory" classname="org.apache.hadoop.fs.TestLocalFSFileContextMainOperations" time="0.122"/>
  <testcase name="testDeleteEmptyDirectory" classname="org.apache.hadoop.fs.TestLocalFSFileContextMainOperations" time="0.056"/>
  <testcase name="testRenameDirectoryToNonExistentParent" classname="org.apache.hadoop.fs.TestLocalFSFileContextMainOperations" time="0.094"/>
  <testcase name="testCreateFlagAppendOverwrite" classname="org.apache.hadoop.fs.TestLocalFSFileContextMainOperations" time="0.124"/>
  <testcase name="testInputStreamClosedTwice" classname="org.apache.hadoop.fs.TestLocalFSFileContextMainOperations" time="0.054"/>
  <testcase name="testSetVerifyChecksum" classname="org.apache.hadoop.fs.TestLocalFSFileContextMainOperations" time="0.11"/>
  <testcase name="testWriteReadAndDeleteOneBlock" classname="org.apache.hadoop.fs.TestLocalFSFileContextMainOperations" time="0.107"/>
  <testcase name="testOpen2" classname="org.apache.hadoop.fs.TestLocalFSFileContextMainOperations" time="0.157"/>
  <testcase name="testGetFileStatusThrowsExceptionForNonExistentFile" classname="org.apache.hadoop.fs.TestLocalFSFileContextMainOperations" time="0.077"/>
  <testcase name="testMkdirsFailsForSubdirectoryOfExistingFile" classname="org.apache.hadoop.fs.TestLocalFSFileContextMainOperations" time="0.337"/>
  <testcase name="testCreateFlagAppendCreateOverwrite" classname="org.apache.hadoop.fs.TestLocalFSFileContextMainOperations" time="0.035"/>
  <testcase name="testListStatusFilterWithNoMatches" classname="org.apache.hadoop.fs.TestLocalFSFileContextMainOperations" time="0.126"/>
  <testcase name="testFileContextStatistics" classname="org.apache.hadoop.fs.TestLocalFSFileContextMainOperations" time="0.199"/>
  <testcase name="testWriteReadAndDeleteEmptyFile" classname="org.apache.hadoop.fs.TestLocalFSFileContextMainOperations" time="0.125"/>
  <testcase name="testGlobStatusFilterWithSomePathMatchesAndTrivialFilter" classname="org.apache.hadoop.fs.TestLocalFSFileContextMainOperations" time="0.144"/>
  <testcase name="testFsStatus" classname="org.apache.hadoop.fs.TestLocalFSFileContextMainOperations" time="0.044"/>
  <testcase name="testGetFileContext1" classname="org.apache.hadoop.fs.TestLocalFSFileContextMainOperations" time="0.109"/>
  <testcase name="testListStatus" classname="org.apache.hadoop.fs.TestLocalFSFileContextMainOperations" time="0.083"/>
  <testcase name="testRenameDirectoryAsEmptyDirectory" classname="org.apache.hadoop.fs.TestLocalFSFileContextMainOperations" time="0.166"/>
  <testcase name="testRenameFileAsExistingFile" classname="org.apache.hadoop.fs.TestLocalFSFileContextMainOperations" time="0.127"/>
  <testcase name="testWriteReadAndDeleteHalfABlock" classname="org.apache.hadoop.fs.TestLocalFSFileContextMainOperations" time="0.083"/>
  <testcase name="testListCorruptFileBlocks" classname="org.apache.hadoop.fs.TestLocalFSFileContextMainOperations" time="0.06"/>
  <testcase name="testRenameFileAsExistingDirectory" classname="org.apache.hadoop.fs.TestLocalFSFileContextMainOperations" time="0.156"/>
  <testcase name="testCreateFlagOverwriteNonExistingFile" classname="org.apache.hadoop.fs.TestLocalFSFileContextMainOperations" time="0.063"/>
  <testcase name="testWriteReadAndDeleteOneAndAHalfBlocks" classname="org.apache.hadoop.fs.TestLocalFSFileContextMainOperations" time="0.083"/>
  <testcase name="testRenameDirectoryAsNonExistentDirectory" classname="org.apache.hadoop.fs.TestLocalFSFileContextMainOperations" time="0.384"/>
  <testcase name="testGlobStatusSomeMatchesInDirectories" classname="org.apache.hadoop.fs.TestLocalFSFileContextMainOperations" time="0.09"/>
  <testcase name="testUnsupportedSymlink" classname="org.apache.hadoop.fs.TestLocalFSFileContextMainOperations" time="0.039"/>
  <testcase name="testGlobStatusFilterWithMultiplePathMatchesAndNonTrivialFilter" classname="org.apache.hadoop.fs.TestLocalFSFileContextMainOperations" time="0.161"/>
  <testcase name="testGlobStatusFilterWithMultipleWildCardMatchesAndTrivialFilter" classname="org.apache.hadoop.fs.TestLocalFSFileContextMainOperations" time="0.075"/>
  <testcase name="testWriteReadAndDeleteTwoBlocks" classname="org.apache.hadoop.fs.TestLocalFSFileContextMainOperations" time="0.126"/>
  <testcase name="testGlobStatusFilterWithEmptyPathResults" classname="org.apache.hadoop.fs.TestLocalFSFileContextMainOperations" time="0.1"/>
  <testcase name="testGlobStatusWithNoMatchesInPath" classname="org.apache.hadoop.fs.TestLocalFSFileContextMainOperations" time="0.064"/>
  <testcase name="testGlobStatusWithMultipleMatchesOfSingleChar" classname="org.apache.hadoop.fs.TestLocalFSFileContextMainOperations" time="0.078"/>
  <testcase name="testDeleteOnExitUnexisting" classname="org.apache.hadoop.fs.TestLocalFSFileContextMainOperations" time="0.043"/>
  <testcase name="testRenameDirectoryToItself" classname="org.apache.hadoop.fs.TestLocalFSFileContextMainOperations" time="0.069"/>
  <testcase name="testCreateFlagAppendExistingFile" classname="org.apache.hadoop.fs.TestLocalFSFileContextMainOperations" time="0.058"/>
  <testcase name="testWriteInNonExistentDirectory" classname="org.apache.hadoop.fs.TestLocalFSFileContextMainOperations" time="0.113"/>
  <testcase name="testGlobStatusWithMultipleWildCardMatches" classname="org.apache.hadoop.fs.TestLocalFSFileContextMainOperations" time="0.058"/>
  <testcase name="testRenameDirectoryAsFile" classname="org.apache.hadoop.fs.TestLocalFSFileContextMainOperations" time="0.101"/>
  <testcase name="testRenameFileToExistingParent" classname="org.apache.hadoop.fs.TestLocalFSFileContextMainOperations" time="0.075"/>
  <testcase name="testRenameFileToDestinationWithParentFile" classname="org.apache.hadoop.fs.TestLocalFSFileContextMainOperations" time="0.086"/>
  <testcase name="testDeleteRecursively" classname="org.apache.hadoop.fs.TestLocalFSFileContextMainOperations" time="0.057"/>
  <testcase name="testMkdirs" classname="org.apache.hadoop.fs.TestLocalFSFileContextMainOperations" time="0.127"/>
  <testcase name="testGlobStatusNonExistentFile" classname="org.apache.hadoop.fs.TestLocalFSFileContextMainOperations" time="0.024"/>
  <testcase name="testRenameDirectoryAsNonEmptyDirectory" classname="org.apache.hadoop.fs.TestLocalFSFileContextMainOperations" time="0.122"/>
  <testcase name="testDeleteNonExistentFile" classname="org.apache.hadoop.fs.TestLocalFSFileContextMainOperations" time="0.018"/>
  <testcase name="testRenameNonExistentPath" classname="org.apache.hadoop.fs.TestLocalFSFileContextMainOperations" time="0.031"/>
  <testcase name="testCreateFlagCreateAppendNonExistingFile" classname="org.apache.hadoop.fs.TestLocalFSFileContextMainOperations" time="0.034"/>
  <testcase name="testGlobStatusFilterWithMultiplePathWildcardsAndNonTrivialFilter" classname="org.apache.hadoop.fs.TestLocalFSFileContextMainOperations" time="0.055"/>
  <testcase name="testOutputStreamClosedTwice" classname="org.apache.hadoop.fs.TestLocalFSFileContextMainOperations" time="0.041"/>
  <testcase name="testCreateFlagOverwriteExistingFile" classname="org.apache.hadoop.fs.TestLocalFSFileContextMainOperations" time="0.05"/>
  <testcase name="testRenameFileToItself" classname="org.apache.hadoop.fs.TestLocalFSFileContextMainOperations" time="0.068"/>
  <testcase name="testCreateFlagCreateExistingFile" classname="org.apache.hadoop.fs.TestLocalFSFileContextMainOperations" time="0.037"/>
</testsuite>