<?xml version="1.0" encoding="UTF-8"?>
<testsuite name="org.apache.hadoop.fs.viewfs.TestFSMainOperationsLocalFileSystem" time="7.616" tests="49" errors="0" skipped="0" failures="0">
  <properties>
[...]
</properties>
  <testcase name="testWDAbsolute" classname="org.apache.hadoop.fs.viewfs.TestFSMainOperationsLocalFileSystem" time="1.83"/>
  <testcase name="testWorkingDirectory" classname="org.apache.hadoop.fs.viewfs.TestFSMainOperationsLocalFileSystem" time="0.425"/>
  <testcase name="testGlobStatusFilterWithNoMatchingPathsAndNonTrivialFilter" classname="org.apache.hadoop.fs.viewfs.TestFSMainOperationsLocalFileSystem" time="0.245"/>
  <testcase name="testRenameFileToNonExistentDirectory" classname="org.apache.hadoop.fs.viewfs.TestFSMainOperationsLocalFileSystem" time="0.186"/>
  <testcase name="testDeleteEmptyDirectory" classname="org.apache.hadoop.fs.viewfs.TestFSMainOperationsLocalFileSystem" time="0.167"/>
  <testcase name="testRenameDirectoryToNonExistentParent" classname="org.apache.hadoop.fs.viewfs.TestFSMainOperationsLocalFileSystem" time="0.22"/>
  <testcase name="testInputStreamClosedTwice" classname="org.apache.hadoop.fs.viewfs.TestFSMainOperationsLocalFileSystem" time="0.37"/>
  <testcase name="testWriteReadAndDeleteOneBlock" classname="org.apache.hadoop.fs.viewfs.TestFSMainOperationsLocalFileSystem" time="0.128"/>
  <testcase name="testGetFileStatusThrowsExceptionForNonExistentFile" classname="org.apache.hadoop.fs.viewfs.TestFSMainOperationsLocalFileSystem" time="0.158"/>
  <testcase name="testMkdirsFailsForSubdirectoryOfExistingFile" classname="org.apache.hadoop.fs.viewfs.TestFSMainOperationsLocalFileSystem" time="0.15"/>
  <testcase name="testListStatusFilterWithNoMatches" classname="org.apache.hadoop.fs.viewfs.TestFSMainOperationsLocalFileSystem" time="0.195"/>
  <testcase name="testWriteReadAndDeleteEmptyFile" classname="org.apache.hadoop.fs.viewfs.TestFSMainOperationsLocalFileSystem" time="0.14"/>
  <testcase name="testGlobStatusFilterWithSomePathMatchesAndTrivialFilter" classname="org.apache.hadoop.fs.viewfs.TestFSMainOperationsLocalFileSystem" time="0.138"/>
  <testcase name="testFsStatus" classname="org.apache.hadoop.fs.viewfs.TestFSMainOperationsLocalFileSystem" time="0.045"/>
  <testcase name="testListStatus" classname="org.apache.hadoop.fs.viewfs.TestFSMainOperationsLocalFileSystem" time="0.074"/>
  <testcase name="testRenameDirectoryAsEmptyDirectory" classname="org.apache.hadoop.fs.viewfs.TestFSMainOperationsLocalFileSystem" time="0.208"/>
  <testcase name="testRenameFileAsExistingFile" classname="org.apache.hadoop.fs.viewfs.TestFSMainOperationsLocalFileSystem" time="0.059"/>
  <testcase name="testWriteReadAndDeleteHalfABlock" classname="org.apache.hadoop.fs.viewfs.TestFSMainOperationsLocalFileSystem" time="0.061"/>
  <testcase name="testRenameFileAsExistingDirectory" classname="org.apache.hadoop.fs.viewfs.TestFSMainOperationsLocalFileSystem" time="0.084"/>
  <testcase name="testListStatusThrowsExceptionForNonExistentFile" classname="org.apache.hadoop.fs.viewfs.TestFSMainOperationsLocalFileSystem" time="0.064"/>
  <testcase name="testWriteReadAndDeleteOneAndAHalfBlocks" classname="org.apache.hadoop.fs.viewfs.TestFSMainOperationsLocalFileSystem" time="0.072"/>
  <testcase name="testOverwrite" classname="org.apache.hadoop.fs.viewfs.TestFSMainOperationsLocalFileSystem" time="0.171"/>
  <testcase name="testListStatusFilterWithSomeMatches" classname="org.apache.hadoop.fs.viewfs.TestFSMainOperationsLocalFileSystem" time="0.142"/>
  <testcase name="testRenameDirectoryAsNonExistentDirectory" classname="org.apache.hadoop.fs.viewfs.TestFSMainOperationsLocalFileSystem" time="0.12"/>
  <testcase name="testGlobStatusSomeMatchesInDirectories" classname="org.apache.hadoop.fs.viewfs.TestFSMainOperationsLocalFileSystem" time="0.075"/>
  <testcase name="testGlobStatusFilterWithMultiplePathMatchesAndNonTrivialFilter" classname="org.apache.hadoop.fs.viewfs.TestFSMainOperationsLocalFileSystem" time="0.167"/>
  <testcase name="testGlobStatusFilterWithMultipleWildCardMatchesAndTrivialFilter" classname="org.apache.hadoop.fs.viewfs.TestFSMainOperationsLocalFileSystem" time="0.086"/>
  <testcase name="testWriteReadAndDeleteTwoBlocks" classname="org.apache.hadoop.fs.viewfs.TestFSMainOperationsLocalFileSystem" time="0.06"/>
  <testcase name="testGlobStatusFilterWithEmptyPathResults" classname="org.apache.hadoop.fs.viewfs.TestFSMainOperationsLocalFileSystem" time="0.089"/>
  <testcase name="testGlobStatusWithNoMatchesInPath" classname="org.apache.hadoop.fs.viewfs.TestFSMainOperationsLocalFileSystem" time="0.085"/>
  <testcase name="testGlobStatusWithMultipleMatchesOfSingleChar" classname="org.apache.hadoop.fs.viewfs.TestFSMainOperationsLocalFileSystem" time="0.09"/>
  <testcase name="testListStatusThrowsExceptionForUnreadableDir" classname="org.apache.hadoop.fs.viewfs.TestFSMainOperationsLocalFileSystem" time="0.099"/>
  <testcase name="testCopyToLocalWithUseRawLocalFileSystemOption" classname="org.apache.hadoop.fs.viewfs.TestFSMainOperationsLocalFileSystem" time="0.085"/>
  <testcase name="testRenameDirectoryToItself" classname="org.apache.hadoop.fs.viewfs.TestFSMainOperationsLocalFileSystem" time="0.045"/>
  <testcase name="testWriteInNonExistentDirectory" classname="org.apache.hadoop.fs.viewfs.TestFSMainOperationsLocalFileSystem" time="0.042"/>
  <testcase name="testGlobStatusWithMultipleWildCardMatches" classname="org.apache.hadoop.fs.viewfs.TestFSMainOperationsLocalFileSystem" time="0.091"/>
  <testcase name="testRenameDirectoryAsFile" classname="org.apache.hadoop.fs.viewfs.TestFSMainOperationsLocalFileSystem" time="0.062"/>
  <testcase name="testRenameFileToExistingParent" classname="org.apache.hadoop.fs.viewfs.TestFSMainOperationsLocalFileSystem" time="0.126"/>
  <testcase name="testRenameFileToDestinationWithParentFile" classname="org.apache.hadoop.fs.viewfs.TestFSMainOperationsLocalFileSystem" time="0.151"/>
  <testcase name="testDeleteRecursively" classname="org.apache.hadoop.fs.viewfs.TestFSMainOperationsLocalFileSystem" time="0.052"/>
  <testcase name="testMkdirs" classname="org.apache.hadoop.fs.viewfs.TestFSMainOperationsLocalFileSystem" time="0.046"/>
  <testcase name="testGlobStatusNonExistentFile" classname="org.apache.hadoop.fs.viewfs.TestFSMainOperationsLocalFileSystem" time="0.055"/>
  <testcase name="testRenameDirectoryAsNonEmptyDirectory" classname="org.apache.hadoop.fs.viewfs.TestFSMainOperationsLocalFileSystem" time="0.226"/>
  <testcase name="testDeleteNonExistentFile" classname="org.apache.hadoop.fs.viewfs.TestFSMainOperationsLocalFileSystem" time="0.088"/>
  <testcase name="testRenameNonExistentPath" classname="org.apache.hadoop.fs.viewfs.TestFSMainOperationsLocalFileSystem" time="0.035"/>
  <testcase name="testGetWrappedInputStream" classname="org.apache.hadoop.fs.viewfs.TestFSMainOperationsLocalFileSystem" time="0.097"/>
  <testcase name="testGlobStatusFilterWithMultiplePathWildcardsAndNonTrivialFilter" classname="org.apache.hadoop.fs.viewfs.TestFSMainOperationsLocalFileSystem" time="0.074"/>
  <testcase name="testOutputStreamClosedTwice" classname="org.apache.hadoop.fs.viewfs.TestFSMainOperationsLocalFileSystem" time="0.039"/>
  <testcase name="testRenameFileToItself" classname="org.apache.hadoop.fs.viewfs.TestFSMainOperationsLocalFileSystem" time="0.099"/>
</testsuite>