<?xml version="1.0" encoding="UTF-8"?>
<testsuite name="org.apache.hadoop.fs.viewfs.TestFcMainOperationsLocalFs" time="9.427" tests="60" errors="0" skipped="0" failures="0">
  <properties>
[...]
</properties>
  <testcase name="testCreateFlagAppendNonExistingFile" classname="org.apache.hadoop.fs.viewfs.TestFcMainOperationsLocalFs" time="1.511"/>
  <testcase name="testWorkingDirectory" classname="org.apache.hadoop.fs.viewfs.TestFcMainOperationsLocalFs" time="0.582"/>
  <testcase name="testEmptyCreateFlag" classname="org.apache.hadoop.fs.viewfs.TestFcMainOperationsLocalFs" time="0.198"/>
  <testcase name="testCreateFlagCreateAppendExistingFile" classname="org.apache.hadoop.fs.viewfs.TestFcMainOperationsLocalFs" time="0.275"/>
  <testcase name="testGlobStatusFilterWithNoMatchingPathsAndNonTrivialFilter" classname="org.apache.hadoop.fs.viewfs.TestFcMainOperationsLocalFs" time="0.292"/>
  <testcase name="testNullCreateFlag" classname="org.apache.hadoop.fs.viewfs.TestFcMainOperationsLocalFs" time="0.187"/>
  <testcase name="testRenameFileToNonExistentDirectory" classname="org.apache.hadoop.fs.viewfs.TestFcMainOperationsLocalFs" time="0.222"/>
  <testcase name="testDeleteEmptyDirectory" classname="org.apache.hadoop.fs.viewfs.TestFcMainOperationsLocalFs" time="0.197"/>
  <testcase name="testRenameDirectoryToNonExistentParent" classname="org.apache.hadoop.fs.viewfs.TestFcMainOperationsLocalFs" time="0.304"/>
  <testcase name="testCreateFlagAppendOverwrite" classname="org.apache.hadoop.fs.viewfs.TestFcMainOperationsLocalFs" time="0.073"/>
  <testcase name="testInputStreamClosedTwice" classname="org.apache.hadoop.fs.viewfs.TestFcMainOperationsLocalFs" time="0.216"/>
  <testcase name="testSetVerifyChecksum" classname="org.apache.hadoop.fs.viewfs.TestFcMainOperationsLocalFs" time="0.084"/>
  <testcase name="testWriteReadAndDeleteOneBlock" classname="org.apache.hadoop.fs.viewfs.TestFcMainOperationsLocalFs" time="0.18"/>
  <testcase name="testOpen2" classname="org.apache.hadoop.fs.viewfs.TestFcMainOperationsLocalFs" time="0.079"/>
  <testcase name="testGetFileStatusThrowsExceptionForNonExistentFile" classname="org.apache.hadoop.fs.viewfs.TestFcMainOperationsLocalFs" time="0.045"/>
  <testcase name="testMkdirsFailsForSubdirectoryOfExistingFile" classname="org.apache.hadoop.fs.viewfs.TestFcMainOperationsLocalFs" time="0.12"/>
  <testcase name="testCreateFlagAppendCreateOverwrite" classname="org.apache.hadoop.fs.viewfs.TestFcMainOperationsLocalFs" time="0.055"/>
  <testcase name="testListStatusFilterWithNoMatches" classname="org.apache.hadoop.fs.viewfs.TestFcMainOperationsLocalFs" time="0.181"/>
  <testcase name="testFileContextStatistics" classname="org.apache.hadoop.fs.viewfs.TestFcMainOperationsLocalFs" time="0.088"/>
  <testcase name="testWriteReadAndDeleteEmptyFile" classname="org.apache.hadoop.fs.viewfs.TestFcMainOperationsLocalFs" time="0.073"/>
  <testcase name="testGlobStatusFilterWithSomePathMatchesAndTrivialFilter" classname="org.apache.hadoop.fs.viewfs.TestFcMainOperationsLocalFs" time="0.099"/>
  <testcase name="testFsStatus" classname="org.apache.hadoop.fs.viewfs.TestFcMainOperationsLocalFs" time="0.053"/>
  <testcase name="testGetFileContext1" classname="org.apache.hadoop.fs.viewfs.TestFcMainOperationsLocalFs" time="0.162"/>
  <testcase name="testListStatus" classname="org.apache.hadoop.fs.viewfs.TestFcMainOperationsLocalFs" time="0.091"/>
  <testcase name="testRenameDirectoryAsEmptyDirectory" classname="org.apache.hadoop.fs.viewfs.TestFcMainOperationsLocalFs" time="0.155"/>
  <testcase name="testRenameFileAsExistingFile" classname="org.apache.hadoop.fs.viewfs.TestFcMainOperationsLocalFs" time="0.15"/>
  <testcase name="testWriteReadAndDeleteHalfABlock" classname="org.apache.hadoop.fs.viewfs.TestFcMainOperationsLocalFs" time="0.081"/>
  <testcase name="testListCorruptFileBlocks" classname="org.apache.hadoop.fs.viewfs.TestFcMainOperationsLocalFs" time="0.069"/>
  <testcase name="testRenameFileAsExistingDirectory" classname="org.apache.hadoop.fs.viewfs.TestFcMainOperationsLocalFs" time="0.231"/>
  <testcase name="testCreateFlagOverwriteNonExistingFile" classname="org.apache.hadoop.fs.viewfs.TestFcMainOperationsLocalFs" time="0.062"/>
  <testcase name="testWriteReadAndDeleteOneAndAHalfBlocks" classname="org.apache.hadoop.fs.viewfs.TestFcMainOperationsLocalFs" time="0.075"/>
  <testcase name="testRenameDirectoryAsNonExistentDirectory" classname="org.apache.hadoop.fs.viewfs.TestFcMainOperationsLocalFs" time="0.301"/>
  <testcase name="testGlobStatusSomeMatchesInDirectories" classname="org.apache.hadoop.fs.viewfs.TestFcMainOperationsLocalFs" time="0.103"/>
  <testcase name="testUnsupportedSymlink" classname="org.apache.hadoop.fs.viewfs.TestFcMainOperationsLocalFs" time="0.042"/>
  <testcase name="testGlobStatusFilterWithMultiplePathMatchesAndNonTrivialFilter" classname="org.apache.hadoop.fs.viewfs.TestFcMainOperationsLocalFs" time="0.168"/>
  <testcase name="testGlobStatusFilterWithMultipleWildCardMatchesAndTrivialFilter" classname="org.apache.hadoop.fs.viewfs.TestFcMainOperationsLocalFs" time="0.093"/>
  <testcase name="testWriteReadAndDeleteTwoBlocks" classname="org.apache.hadoop.fs.viewfs.TestFcMainOperationsLocalFs" time="0.089"/>
  <testcase name="testGlobStatusFilterWithEmptyPathResults" classname="org.apache.hadoop.fs.viewfs.TestFcMainOperationsLocalFs" time="0.181"/>
  <testcase name="testGlobStatusWithNoMatchesInPath" classname="org.apache.hadoop.fs.viewfs.TestFcMainOperationsLocalFs" time="0.105"/>
  <testcase name="testGlobStatusWithMultipleMatchesOfSingleChar" classname="org.apache.hadoop.fs.viewfs.TestFcMainOperationsLocalFs" time="0.078"/>
  <testcase name="testDeleteOnExitUnexisting" classname="org.apache.hadoop.fs.viewfs.TestFcMainOperationsLocalFs" time="0.046"/>
  <testcase name="testRenameDirectoryToItself" classname="org.apache.hadoop.fs.viewfs.TestFcMainOperationsLocalFs" time="0.164"/>
  <testcase name="testCreateFlagAppendExistingFile" classname="org.apache.hadoop.fs.viewfs.TestFcMainOperationsLocalFs" time="0.09"/>
  <testcase name="testWriteInNonExistentDirectory" classname="org.apache.hadoop.fs.viewfs.TestFcMainOperationsLocalFs" time="0.076"/>
  <testcase name="testGlobStatusWithMultipleWildCardMatches" classname="org.apache.hadoop.fs.viewfs.TestFcMainOperationsLocalFs" time="0.104"/>
  <testcase name="testRenameDirectoryAsFile" classname="org.apache.hadoop.fs.viewfs.TestFcMainOperationsLocalFs" time="0.114"/>
  <testcase name="testRenameFileToExistingParent" classname="org.apache.hadoop.fs.viewfs.TestFcMainOperationsLocalFs" time="0.243"/>
  <testcase name="testRenameFileToDestinationWithParentFile" classname="org.apache.hadoop.fs.viewfs.TestFcMainOperationsLocalFs" time="0.116"/>
  <testcase name="testDeleteRecursively" classname="org.apache.hadoop.fs.viewfs.TestFcMainOperationsLocalFs" time="0.068"/>
  <testcase name="testMkdirs" classname="org.apache.hadoop.fs.viewfs.TestFcMainOperationsLocalFs" time="0.16"/>
  <testcase name="testGlobStatusNonExistentFile" classname="org.apache.hadoop.fs.viewfs.TestFcMainOperationsLocalFs" time="0.046"/>
  <testcase name="testRenameDirectoryAsNonEmptyDirectory" classname="org.apache.hadoop.fs.viewfs.TestFcMainOperationsLocalFs" time="0.142"/>
  <testcase name="testDeleteNonExistentFile" classname="org.apache.hadoop.fs.viewfs.TestFcMainOperationsLocalFs" time="0.04"/>
  <testcase name="testRenameNonExistentPath" classname="org.apache.hadoop.fs.viewfs.TestFcMainOperationsLocalFs" time="0.053"/>
  <testcase name="testCreateFlagCreateAppendNonExistingFile" classname="org.apache.hadoop.fs.viewfs.TestFcMainOperationsLocalFs" time="0.059"/>
  <testcase name="testGlobStatusFilterWithMultiplePathWildcardsAndNonTrivialFilter" classname="org.apache.hadoop.fs.viewfs.TestFcMainOperationsLocalFs" time="0.086"/>
  <testcase name="testOutputStreamClosedTwice" classname="org.apache.hadoop.fs.viewfs.TestFcMainOperationsLocalFs" time="0.076"/>
  <testcase name="testCreateFlagOverwriteExistingFile" classname="org.apache.hadoop.fs.viewfs.TestFcMainOperationsLocalFs" time="0.153"/>
  <testcase name="testRenameFileToItself" classname="org.apache.hadoop.fs.viewfs.TestFcMainOperationsLocalFs" time="0.136"/>
  <testcase name="testCreateFlagCreateExistingFile" classname="org.apache.hadoop.fs.viewfs.TestFcMainOperationsLocalFs" time="0.105"/>
</testsuite>