<?xml version="1.0" encoding="UTF-8"?>
<testsuite name="org.apache.hadoop.ipc.TestSaslRPC" time="26.325" tests="85" errors="0" skipped="0" failures="0">
  <properties>
[...]
</properties>
  <testcase name="testErrorMessage[0]" classname="org.apache.hadoop.ipc.TestSaslRPC" time="1.248"/>
  <testcase name="testSimpleServerWithInvalidTokens[0]" classname="org.apache.hadoop.ipc.TestSaslRPC" time="1.03"/>
  <testcase name="testDigestRpc[0]" classname="org.apache.hadoop.ipc.TestSaslRPC" time="0.113"/>
  <testcase name="testTokenOnlyServerWithTokens[0]" classname="org.apache.hadoop.ipc.TestSaslRPC" time="0.137"/>
  <testcase name="testTokenOnlyServer[0]" classname="org.apache.hadoop.ipc.TestSaslRPC" time="0.221"/>
  <testcase name="testPerConnectionConf[0]" classname="org.apache.hadoop.ipc.TestSaslRPC" time="0.276"/>
  <testcase name="testSaslPlainServerBadPassword[0]" classname="org.apache.hadoop.ipc.TestSaslRPC" time="0.033"/>
  <testcase name="testSimpleServer[0]" classname="org.apache.hadoop.ipc.TestSaslRPC" time="0.365"/>
  <testcase name="testSaslPlainServer[0]" classname="org.apache.hadoop.ipc.TestSaslRPC" time="0.018"/>
  <testcase name="testNoClientFallbackToSimple[0]" classname="org.apache.hadoop.ipc.TestSaslRPC" time="1.343"/>
  <testcase name="testKerberosServerWithTokens[0]" classname="org.apache.hadoop.ipc.TestSaslRPC" time="0.224"/>
  <testcase name="testDigestRpcWithoutAnnotation[0]" classname="org.apache.hadoop.ipc.TestSaslRPC" time="0.186"/>
  <testcase name="testSimpleServerWithTokens[0]" classname="org.apache.hadoop.ipc.TestSaslRPC" time="1.335"/>
  <testcase name="testKerberosServerWithInvalidTokens[0]" classname="org.apache.hadoop.ipc.TestSaslRPC" time="0.132"/>
  <testcase name="testTokenOnlyServerWithInvalidTokens[0]" classname="org.apache.hadoop.ipc.TestSaslRPC" time="0.063"/>
  <testcase name="testKerberosServer[0]" classname="org.apache.hadoop.ipc.TestSaslRPC" time="0.124"/>
  <testcase name="testPingInterval[0]" classname="org.apache.hadoop.ipc.TestSaslRPC" time="0.011"/>
  <testcase name="testErrorMessage[1]" classname="org.apache.hadoop.ipc.TestSaslRPC" time="0.043"/>
  <testcase name="testSimpleServerWithInvalidTokens[1]" classname="org.apache.hadoop.ipc.TestSaslRPC" time="0.678"/>
  <testcase name="testDigestRpc[1]" classname="org.apache.hadoop.ipc.TestSaslRPC" time="0.166"/>
  <testcase name="testTokenOnlyServerWithTokens[1]" classname="org.apache.hadoop.ipc.TestSaslRPC" time="0.203"/>
  <testcase name="testTokenOnlyServer[1]" classname="org.apache.hadoop.ipc.TestSaslRPC" time="0.152"/>
  <testcase name="testPerConnectionConf[1]" classname="org.apache.hadoop.ipc.TestSaslRPC" time="0.077"/>
  <testcase name="testSaslPlainServerBadPassword[1]" classname="org.apache.hadoop.ipc.TestSaslRPC" time="0.01"/>
  <testcase name="testSimpleServer[1]" classname="org.apache.hadoop.ipc.TestSaslRPC" time="0.463"/>
  <testcase name="testSaslPlainServer[1]" classname="org.apache.hadoop.ipc.TestSaslRPC" time="0.011"/>
  <testcase name="testNoClientFallbackToSimple[1]" classname="org.apache.hadoop.ipc.TestSaslRPC" time="1.448"/>
  <testcase name="testKerberosServerWithTokens[1]" classname="org.apache.hadoop.ipc.TestSaslRPC" time="0.364"/>
  <testcase name="testDigestRpcWithoutAnnotation[1]" classname="org.apache.hadoop.ipc.TestSaslRPC" time="0.044"/>
  <testcase name="testSimpleServerWithTokens[1]" classname="org.apache.hadoop.ipc.TestSaslRPC" time="1.875"/>
  <testcase name="testKerberosServerWithInvalidTokens[1]" classname="org.apache.hadoop.ipc.TestSaslRPC" time="0.117"/>
  <testcase name="testTokenOnlyServerWithInvalidTokens[1]" classname="org.apache.hadoop.ipc.TestSaslRPC" time="0.084"/>
  <testcase name="testKerberosServer[1]" classname="org.apache.hadoop.ipc.TestSaslRPC" time="0.143"/>
  <testcase name="testPingInterval[1]" classname="org.apache.hadoop.ipc.TestSaslRPC" time="0.015"/>
  <testcase name="testErrorMessage[2]" classname="org.apache.hadoop.ipc.TestSaslRPC" time="0.103"/>
  <testcase name="testSimpleServerWithInvalidTokens[2]" classname="org.apache.hadoop.ipc.TestSaslRPC" time="0.532"/>
  <testcase name="testDigestRpc[2]" classname="org.apache.hadoop.ipc.TestSaslRPC" time="0.191"/>
  <testcase name="testTokenOnlyServerWithTokens[2]" classname="org.apache.hadoop.ipc.TestSaslRPC" time="0.335"/>
  <testcase name="testTokenOnlyServer[2]" classname="org.apache.hadoop.ipc.TestSaslRPC" time="0.107"/>
  <testcase name="testPerConnectionConf[2]" classname="org.apache.hadoop.ipc.TestSaslRPC" time="0.072"/>
  <testcase name="testSaslPlainServerBadPassword[2]" classname="org.apache.hadoop.ipc.TestSaslRPC" time="0.01"/>
  <testcase name="testSimpleServer[2]" classname="org.apache.hadoop.ipc.TestSaslRPC" time="0.299"/>
  <testcase name="testSaslPlainServer[2]" classname="org.apache.hadoop.ipc.TestSaslRPC" time="0.009"/>
  <testcase name="testNoClientFallbackToSimple[2]" classname="org.apache.hadoop.ipc.TestSaslRPC" time="1.203"/>
  <testcase name="testKerberosServerWithTokens[2]" classname="org.apache.hadoop.ipc.TestSaslRPC" time="0.298"/>
  <testcase name="testDigestRpcWithoutAnnotation[2]" classname="org.apache.hadoop.ipc.TestSaslRPC" time="0.054"/>
  <testcase name="testSimpleServerWithTokens[2]" classname="org.apache.hadoop.ipc.TestSaslRPC" time="1.021"/>
  <testcase name="testKerberosServerWithInvalidTokens[2]" classname="org.apache.hadoop.ipc.TestSaslRPC" time="0.142"/>
  <testcase name="testTokenOnlyServerWithInvalidTokens[2]" classname="org.apache.hadoop.ipc.TestSaslRPC" time="0.08"/>
  <testcase name="testKerberosServer[2]" classname="org.apache.hadoop.ipc.TestSaslRPC" time="0.155"/>
  <testcase name="testPingInterval[2]" classname="org.apache.hadoop.ipc.TestSaslRPC" time="0.011"/>
  <testcase name="testErrorMessage[3]" classname="org.apache.hadoop.ipc.TestSaslRPC" time="0.039"/>
  <testcase name="testSimpleServerWithInvalidTokens[3]" classname="org.apache.hadoop.ipc.TestSaslRPC" time="0.564"/>
  <testcase name="testDigestRpc[3]" classname="org.apache.hadoop.ipc.TestSaslRPC" time="0.16"/>
  <testcase name="testTokenOnlyServerWithTokens[3]" classname="org.apache.hadoop.ipc.TestSaslRPC" time="0.324"/>
  <testcase name="testTokenOnlyServer[3]" classname="org.apache.hadoop.ipc.TestSaslRPC" time="0.113"/>
  <testcase name="testPerConnectionConf[3]" classname="org.apache.hadoop.ipc.TestSaslRPC" time="0.068"/>
  <testcase name="testSaslPlainServerBadPassword[3]" classname="org.apache.hadoop.ipc.TestSaslRPC" time="0.007"/>
  <testcase name="testSimpleServer[3]" classname="org.apache.hadoop.ipc.TestSaslRPC" time="0.399"/>
  <testcase name="testSaslPlainServer[3]" classname="org.apache.hadoop.ipc.TestSaslRPC" time="0.007"/>
  <testcase name="testNoClientFallbackToSimple[3]" classname="org.apache.hadoop.ipc.TestSaslRPC" time="1.524"/>
  <testcase name="testKerberosServerWithTokens[3]" classname="org.apache.hadoop.ipc.TestSaslRPC" time="0.209"/>
  <testcase name="testDigestRpcWithoutAnnotation[3]" classname="org.apache.hadoop.ipc.TestSaslRPC" time="0.146"/>
  <testcase name="testSimpleServerWithTokens[3]" classname="org.apache.hadoop.ipc.TestSaslRPC" time="1.299"/>
  <testcase name="testKerberosServerWithInvalidTokens[3]" classname="org.apache.hadoop.ipc.TestSaslRPC" time="0.118"/>
  <testcase name="testTokenOnlyServerWithInvalidTokens[3]" classname="org.apache.hadoop.ipc.TestSaslRPC" time="0.081"/>
  <testcase name="testKerberosServer[3]" classname="org.apache.hadoop.ipc.TestSaslRPC" time="0.09"/>
  <testcase name="testPingInterval[3]" classname="org.apache.hadoop.ipc.TestSaslRPC" time="0.008"/>
  <testcase name="testErrorMessage[4]" classname="org.apache.hadoop.ipc.TestSaslRPC" time="0.036"/>
  <testcase name="testSimpleServerWithInvalidTokens[4]" classname="org.apache.hadoop.ipc.TestSaslRPC" time="0.45"/>
  <testcase name="testDigestRpc[4]" classname="org.apache.hadoop.ipc.TestSaslRPC" time="0.132"/>
  <testcase name="testTokenOnlyServerWithTokens[4]" classname="org.apache.hadoop.ipc.TestSaslRPC" time="0.123"/>
  <testcase name="testTokenOnlyServer[4]" classname="org.apache.hadoop.ipc.TestSaslRPC" time="0.105"/>
  <testcase name="testPerConnectionConf[4]" classname="org.apache.hadoop.ipc.TestSaslRPC" time="0.044"/>
  <testcase name="testSaslPlainServerBadPassword[4]" classname="org.apache.hadoop.ipc.TestSaslRPC" time="0.006"/>
  <testcase name="testSimpleServer[4]" classname="org.apache.hadoop.ipc.TestSaslRPC" time="0.22"/>
  <testcase name="testSaslPlainServer[4]" classname="org.apache.hadoop.ipc.TestSaslRPC" time="0.007"/>
  <testcase name="testNoClientFallbackToSimple[4]" classname="org.apache.hadoop.ipc.TestSaslRPC" time="1.092"/>
  <testcase name="testKerberosServerWithTokens[4]" classname="org.apache.hadoop.ipc.TestSaslRPC" time="0.216"/>
  <testcase name="testDigestRpcWithoutAnnotation[4]" classname="org.apache.hadoop.ipc.TestSaslRPC" time="0.029"/>
  <testcase name="testSimpleServerWithTokens[4]" classname="org.apache.hadoop.ipc.TestSaslRPC" time="1.031"/>
  <testcase name="testKerberosServerWithInvalidTokens[4]" classname="org.apache.hadoop.ipc.TestSaslRPC" time="0.105"/>
  <testcase name="testTokenOnlyServerWithInvalidTokens[4]" classname="org.apache.hadoop.ipc.TestSaslRPC" time="0.072"/>
  <testcase name="testKerberosServer[4]" classname="org.apache.hadoop.ipc.TestSaslRPC" time="0.117"/>
  <testcase name="testPingInterval[4]" classname="org.apache.hadoop.ipc.TestSaslRPC" time="0.01"/>
</testsuite>