<?xml version="1.0" encoding="UTF-8"?>
<testsuite name="org.apache.hadoop.fs.viewfs.TestViewFileSystemLocalFileSystem" time="8.122" tests="52" errors="0" skipped="0" failures="0">
  <properties>
[...]
</properties>
  <testcase name="testInternalDeleteNonExisting2" classname="org.apache.hadoop.fs.viewfs.TestViewFileSystemLocalFileSystem" time="2.099"/>
  <testcase name="testResolvePathDanglingLink" classname="org.apache.hadoop.fs.viewfs.TestViewFileSystemLocalFileSystem" time="0.259"/>
  <testcase name="testBasicPaths" classname="org.apache.hadoop.fs.viewfs.TestViewFileSystemLocalFileSystem" time="0.257"/>
  <testcase name="testGetDelegationTokens" classname="org.apache.hadoop.fs.viewfs.TestViewFileSystemLocalFileSystem" time="0.24"/>
  <testcase name="testCreateNonRecursive" classname="org.apache.hadoop.fs.viewfs.TestViewFileSystemLocalFileSystem" time="0.21"/>
  <testcase name="testInternalRenameFromSlash" classname="org.apache.hadoop.fs.viewfs.TestViewFileSystemLocalFileSystem" time="0.289"/>
  <testcase name="testInternalModifyAclEntries" classname="org.apache.hadoop.fs.viewfs.TestViewFileSystemLocalFileSystem" time="0.232"/>
  <testcase name="testMkdirOfMountLink" classname="org.apache.hadoop.fs.viewfs.TestViewFileSystemLocalFileSystem" time="0.199"/>
  <testcase name="testGetBlockLocations" classname="org.apache.hadoop.fs.viewfs.TestViewFileSystemLocalFileSystem" time="0.145"/>
  <testcase name="testResolvePathMountPoints" classname="org.apache.hadoop.fs.viewfs.TestViewFileSystemLocalFileSystem" time="0.126"/>
  <testcase name="testInternalMkdirNew2" classname="org.apache.hadoop.fs.viewfs.TestViewFileSystemLocalFileSystem" time="0.087"/>
  <testcase name="testInternalDeleteExisting2" classname="org.apache.hadoop.fs.viewfs.TestViewFileSystemLocalFileSystem" time="0.093"/>
  <testcase name="testgetFSonDanglingLink" classname="org.apache.hadoop.fs.viewfs.TestViewFileSystemLocalFileSystem" time="0.13"/>
  <testcase name="testGetMountPoints" classname="org.apache.hadoop.fs.viewfs.TestViewFileSystemLocalFileSystem" time="0.078"/>
  <testcase name="testInternalSetAcl" classname="org.apache.hadoop.fs.viewfs.TestViewFileSystemLocalFileSystem" time="0.079"/>
  <testcase name="testRootReadableExecutable" classname="org.apache.hadoop.fs.viewfs.TestViewFileSystemLocalFileSystem" time="0.118"/>
  <testcase name="testInternalMkdirSlash" classname="org.apache.hadoop.fs.viewfs.TestViewFileSystemLocalFileSystem" time="0.083"/>
  <testcase name="testInternalRenameToSlash" classname="org.apache.hadoop.fs.viewfs.TestViewFileSystemLocalFileSystem" time="0.116"/>
  <testcase name="testInternalCreate1" classname="org.apache.hadoop.fs.viewfs.TestViewFileSystemLocalFileSystem" time="0.113"/>
  <testcase name="testInternalCreate2" classname="org.apache.hadoop.fs.viewfs.TestViewFileSystemLocalFileSystem" time="0.082"/>
  <testcase name="testInternalMkdirNew" classname="org.apache.hadoop.fs.viewfs.TestViewFileSystemLocalFileSystem" time="0.088"/>
  <testcase name="testInternalRename1" classname="org.apache.hadoop.fs.viewfs.TestViewFileSystemLocalFileSystem" time="0.11"/>
  <testcase name="testInternalRename2" classname="org.apache.hadoop.fs.viewfs.TestViewFileSystemLocalFileSystem" time="0.133"/>
  <testcase name="testInternalRename3" classname="org.apache.hadoop.fs.viewfs.TestViewFileSystemLocalFileSystem" time="0.071"/>
  <testcase name="testInternalRemoveAclEntries" classname="org.apache.hadoop.fs.viewfs.TestViewFileSystemLocalFileSystem" time="0.084"/>
  <testcase name="testRenameAcrossMounts1" classname="org.apache.hadoop.fs.viewfs.TestViewFileSystemLocalFileSystem" time="0.119"/>
  <testcase name="testRenameAcrossMounts2" classname="org.apache.hadoop.fs.viewfs.TestViewFileSystemLocalFileSystem" time="0.105"/>
  <testcase name="testListOnMountTargetDirs" classname="org.apache.hadoop.fs.viewfs.TestViewFileSystemLocalFileSystem" time="0.105"/>
  <testcase name="testInternalRemoveXAttr" classname="org.apache.hadoop.fs.viewfs.TestViewFileSystemLocalFileSystem" time="0.068"/>
  <testcase name="testInternalGetXAttrs" classname="org.apache.hadoop.fs.viewfs.TestViewFileSystemLocalFileSystem" time="0.22"/>
  <testcase name="testOperationsThroughMountLinks" classname="org.apache.hadoop.fs.viewfs.TestViewFileSystemLocalFileSystem" time="0.304"/>
  <testcase name="testInternalDeleteNonExisting" classname="org.apache.hadoop.fs.viewfs.TestViewFileSystemLocalFileSystem" time="0.059"/>
  <testcase name="testInternalDeleteExisting" classname="org.apache.hadoop.fs.viewfs.TestViewFileSystemLocalFileSystem" time="0.062"/>
  <testcase name="testInternalRemoveAcl" classname="org.apache.hadoop.fs.viewfs.TestViewFileSystemLocalFileSystem" time="0.168"/>
  <testcase name="testFileStatusOnMountLink" classname="org.apache.hadoop.fs.viewfs.TestViewFileSystemLocalFileSystem" time="0.088"/>
  <testcase name="testGetDelegationTokensWithCredentials" classname="org.apache.hadoop.fs.viewfs.TestViewFileSystemLocalFileSystem" time="0.069"/>
  <testcase name="testResolvePathInternalPaths" classname="org.apache.hadoop.fs.viewfs.TestViewFileSystemLocalFileSystem" time="0.08"/>
  <testcase name="testInternalSetOwner" classname="org.apache.hadoop.fs.viewfs.TestViewFileSystemLocalFileSystem" time="0.073"/>
  <testcase name="testInternalSetXAttr" classname="org.apache.hadoop.fs.viewfs.TestViewFileSystemLocalFileSystem" time="0.06"/>
  <testcase name="testInternalGetXAttr" classname="org.apache.hadoop.fs.viewfs.TestViewFileSystemLocalFileSystem" time="0.055"/>
  <testcase name="testResolvePathMissingThroughMountPoints2" classname="org.apache.hadoop.fs.viewfs.TestViewFileSystemLocalFileSystem" time="0.086"/>
  <testcase name="testListOnInternalDirsOfMountTable" classname="org.apache.hadoop.fs.viewfs.TestViewFileSystemLocalFileSystem" time="0.056"/>
  <testcase name="testInternalRemoveDefaultAcl" classname="org.apache.hadoop.fs.viewfs.TestViewFileSystemLocalFileSystem" time="0.083"/>
  <testcase name="testInternalCreateMissingDir" classname="org.apache.hadoop.fs.viewfs.TestViewFileSystemLocalFileSystem" time="0.098"/>
  <testcase name="testgetFSonNonExistingInternalDir" classname="org.apache.hadoop.fs.viewfs.TestViewFileSystemLocalFileSystem" time="0.09"/>
  <testcase name="testInternalCreateMissingDir2" classname="org.apache.hadoop.fs.viewfs.TestViewFileSystemLocalFileSystem" time="0.085"/>
  <testcase name="testInternalCreateMissingDir3" classname="org.apache.hadoop.fs.viewfs.TestViewFileSystemLocalFileSystem" time="0.099"/>
  <testcase name="testResolvePathThroughMountPoints" classname="org.apache.hadoop.fs.viewfs.TestViewFileSystemLocalFileSystem" time="0.114"/>
  <testcase name="testResolvePathMissingThroughMountPoints" classname="org.apache.hadoop.fs.viewfs.TestViewFileSystemLocalFileSystem" time="0.063"/>
  <testcase name="testInternalGetXAttrsWithNames" classname="org.apache.hadoop.fs.viewfs.TestViewFileSystemLocalFileSystem" time="0.046"/>
  <testcase name="testInternalGetAclStatus" classname="org.apache.hadoop.fs.viewfs.TestViewFileSystemLocalFileSystem" time="0.088"/>
  <testcase name="testInternalListXAttr" classname="org.apache.hadoop.fs.viewfs.TestViewFileSystemLocalFileSystem" time="0.058"/>
</testsuite>