<?xml version="1.0" encoding="UTF-8"?>
<testsuite name="org.apache.hadoop.fs.viewfs.TestViewFileSystemWithAuthorityLocalFileSystem" time="8.283" tests="52" errors="0" skipped="0" failures="0">
  <properties>
[...]
</properties>
  <testcase name="testBasicPaths" classname="org.apache.hadoop.fs.viewfs.TestViewFileSystemWithAuthorityLocalFileSystem" time="1.931"/>
  <testcase name="testInternalDeleteNonExisting2" classname="org.apache.hadoop.fs.viewfs.TestViewFileSystemWithAuthorityLocalFileSystem" time="0.338"/>
  <testcase name="testResolvePathDanglingLink" classname="org.apache.hadoop.fs.viewfs.TestViewFileSystemWithAuthorityLocalFileSystem" time="0.313"/>
  <testcase name="testGetDelegationTokens" classname="org.apache.hadoop.fs.viewfs.TestViewFileSystemWithAuthorityLocalFileSystem" time="0.351"/>
  <testcase name="testCreateNonRecursive" classname="org.apache.hadoop.fs.viewfs.TestViewFileSystemWithAuthorityLocalFileSystem" time="0.233"/>
  <testcase name="testInternalRenameFromSlash" classname="org.apache.hadoop.fs.viewfs.TestViewFileSystemWithAuthorityLocalFileSystem" time="0.2"/>
  <testcase name="testInternalModifyAclEntries" classname="org.apache.hadoop.fs.viewfs.TestViewFileSystemWithAuthorityLocalFileSystem" time="0.116"/>
  <testcase name="testMkdirOfMountLink" classname="org.apache.hadoop.fs.viewfs.TestViewFileSystemWithAuthorityLocalFileSystem" time="0.126"/>
  <testcase name="testGetBlockLocations" classname="org.apache.hadoop.fs.viewfs.TestViewFileSystemWithAuthorityLocalFileSystem" time="0.108"/>
  <testcase name="testResolvePathMountPoints" classname="org.apache.hadoop.fs.viewfs.TestViewFileSystemWithAuthorityLocalFileSystem" time="0.137"/>
  <testcase name="testInternalMkdirNew2" classname="org.apache.hadoop.fs.viewfs.TestViewFileSystemWithAuthorityLocalFileSystem" time="0.102"/>
  <testcase name="testInternalDeleteExisting2" classname="org.apache.hadoop.fs.viewfs.TestViewFileSystemWithAuthorityLocalFileSystem" time="0.105"/>
  <testcase name="testgetFSonDanglingLink" classname="org.apache.hadoop.fs.viewfs.TestViewFileSystemWithAuthorityLocalFileSystem" time="0.077"/>
  <testcase name="testGetMountPoints" classname="org.apache.hadoop.fs.viewfs.TestViewFileSystemWithAuthorityLocalFileSystem" time="0.122"/>
  <testcase name="testInternalSetAcl" classname="org.apache.hadoop.fs.viewfs.TestViewFileSystemWithAuthorityLocalFileSystem" time="0.094"/>
  <testcase name="testRootReadableExecutable" classname="org.apache.hadoop.fs.viewfs.TestViewFileSystemWithAuthorityLocalFileSystem" time="0.164"/>
  <testcase name="testInternalMkdirSlash" classname="org.apache.hadoop.fs.viewfs.TestViewFileSystemWithAuthorityLocalFileSystem" time="0.075"/>
  <testcase name="testInternalRenameToSlash" classname="org.apache.hadoop.fs.viewfs.TestViewFileSystemWithAuthorityLocalFileSystem" time="0.101"/>
  <testcase name="testInternalCreate1" classname="org.apache.hadoop.fs.viewfs.TestViewFileSystemWithAuthorityLocalFileSystem" time="0.113"/>
  <testcase name="testInternalCreate2" classname="org.apache.hadoop.fs.viewfs.TestViewFileSystemWithAuthorityLocalFileSystem" time="0.113"/>
  <testcase name="testInternalMkdirNew" classname="org.apache.hadoop.fs.viewfs.TestViewFileSystemWithAuthorityLocalFileSystem" time="0.092"/>
  <testcase name="testInternalRename1" classname="org.apache.hadoop.fs.viewfs.TestViewFileSystemWithAuthorityLocalFileSystem" time="0.092"/>
  <testcase name="testInternalRename2" classname="org.apache.hadoop.fs.viewfs.TestViewFileSystemWithAuthorityLocalFileSystem" time="0.106"/>
  <testcase name="testInternalRename3" classname="org.apache.hadoop.fs.viewfs.TestViewFileSystemWithAuthorityLocalFileSystem" time="0.121"/>
  <testcase name="testInternalRemoveAclEntries" classname="org.apache.hadoop.fs.viewfs.TestViewFileSystemWithAuthorityLocalFileSystem" time="0.084"/>
  <testcase name="testRenameAcrossMounts1" classname="org.apache.hadoop.fs.viewfs.TestViewFileSystemWithAuthorityLocalFileSystem" time="0.132"/>
  <testcase name="testRenameAcrossMounts2" classname="org.apache.hadoop.fs.viewfs.TestViewFileSystemWithAuthorityLocalFileSystem" time="0.094"/>
  <testcase name="testListOnMountTargetDirs" classname="org.apache.hadoop.fs.viewfs.TestViewFileSystemWithAuthorityLocalFileSystem" time="0.147"/>
  <testcase name="testInternalRemoveXAttr" classname="org.apache.hadoop.fs.viewfs.TestViewFileSystemWithAuthorityLocalFileSystem" time="0.068"/>
  <testcase name="testInternalGetXAttrs" classname="org.apache.hadoop.fs.viewfs.TestViewFileSystemWithAuthorityLocalFileSystem" time="0.143"/>
  <testcase name="testOperationsThroughMountLinks" classname="org.apache.hadoop.fs.viewfs.TestViewFileSystemWithAuthorityLocalFileSystem" time="0.237"/>
  <testcase name="testInternalDeleteNonExisting" classname="org.apache.hadoop.fs.viewfs.TestViewFileSystemWithAuthorityLocalFileSystem" time="0.082"/>
  <testcase name="testInternalDeleteExisting" classname="org.apache.hadoop.fs.viewfs.TestViewFileSystemWithAuthorityLocalFileSystem" time="0.113"/>
  <testcase name="testInternalRemoveAcl" classname="org.apache.hadoop.fs.viewfs.TestViewFileSystemWithAuthorityLocalFileSystem" time="0.128"/>
  <testcase name="testFileStatusOnMountLink" classname="org.apache.hadoop.fs.viewfs.TestViewFileSystemWithAuthorityLocalFileSystem" time="0.058"/>
  <testcase name="testGetDelegationTokensWithCredentials" classname="org.apache.hadoop.fs.viewfs.TestViewFileSystemWithAuthorityLocalFileSystem" time="0.101"/>
  <testcase name="testResolvePathInternalPaths" classname="org.apache.hadoop.fs.viewfs.TestViewFileSystemWithAuthorityLocalFileSystem" time="0.079"/>
  <testcase name="testInternalSetOwner" classname="org.apache.hadoop.fs.viewfs.TestViewFileSystemWithAuthorityLocalFileSystem" time="0.096"/>
  <testcase name="testInternalSetXAttr" classname="org.apache.hadoop.fs.viewfs.TestViewFileSystemWithAuthorityLocalFileSystem" time="0.141"/>
  <testcase name="testInternalGetXAttr" classname="org.apache.hadoop.fs.viewfs.TestViewFileSystemWithAuthorityLocalFileSystem" time="0.072"/>
  <testcase name="testResolvePathMissingThroughMountPoints2" classname="org.apache.hadoop.fs.viewfs.TestViewFileSystemWithAuthorityLocalFileSystem" time="0.119"/>
  <testcase name="testListOnInternalDirsOfMountTable" classname="org.apache.hadoop.fs.viewfs.TestViewFileSystemWithAuthorityLocalFileSystem" time="0.081"/>
  <testcase name="testInternalRemoveDefaultAcl" classname="org.apache.hadoop.fs.viewfs.TestViewFileSystemWithAuthorityLocalFileSystem" time="0.1"/>
  <testcase name="testInternalCreateMissingDir" classname="org.apache.hadoop.fs.viewfs.TestViewFileSystemWithAuthorityLocalFileSystem" time="0.067"/>
  <testcase name="testgetFSonNonExistingInternalDir" classname="org.apache.hadoop.fs.viewfs.TestViewFileSystemWithAuthorityLocalFileSystem" time="0.092"/>
  <testcase name="testInternalCreateMissingDir2" classname="org.apache.hadoop.fs.viewfs.TestViewFileSystemWithAuthorityLocalFileSystem" time="0.08"/>
  <testcase name="testInternalCreateMissingDir3" classname="org.apache.hadoop.fs.viewfs.TestViewFileSystemWithAuthorityLocalFileSystem" time="0.078"/>
  <testcase name="testResolvePathThroughMountPoints" classname="org.apache.hadoop.fs.viewfs.TestViewFileSystemWithAuthorityLocalFileSystem" time="0.159"/>
  <testcase name="testResolvePathMissingThroughMountPoints" classname="org.apache.hadoop.fs.viewfs.TestViewFileSystemWithAuthorityLocalFileSystem" time="0.09"/>
  <testcase name="testInternalGetXAttrsWithNames" classname="org.apache.hadoop.fs.viewfs.TestViewFileSystemWithAuthorityLocalFileSystem" time="0.105"/>
  <testcase name="testInternalGetAclStatus" classname="org.apache.hadoop.fs.viewfs.TestViewFileSystemWithAuthorityLocalFileSystem" time="0.116"/>
  <testcase name="testInternalListXAttr" classname="org.apache.hadoop.fs.viewfs.TestViewFileSystemWithAuthorityLocalFileSystem" time="0.091"/>
</testsuite>